2020-04-23 02:58:41.073 [info] <0.44.0> Application lager started on node nonode@nohost
2020-04-23 03:06:19.796 [info] <0.44.0> Application lager started on node nonode@nohost
2020-04-23 03:33:56.570 [info] <0.44.0> Application lager started on node nonode@nohost
2020-04-23 03:38:01.207 [info] <0.44.0> Application lager started on node nonode@nohost
2020-04-23 03:38:01.575 [info] <0.44.0> Application xmerl started on node nonode@nohost
2020-04-23 03:38:02.263 [info] <0.44.0> Application sasl started on node nonode@nohost
2020-04-23 03:38:36.211 [info] <0.44.0> Application lager started on node nonode@nohost
2020-04-23 03:38:36.453 [info] <0.44.0> Application xmerl started on node nonode@nohost
2020-04-23 03:38:36.820 [info] <0.44.0> Application sasl started on node nonode@nohost
2020-04-23 03:46:26.572 [info] <0.44.0> Application lager started on node nonode@nohost
2020-04-23 03:46:26.968 [info] <0.44.0> Application xmerl started on node nonode@nohost
2020-04-23 03:46:27.753 [info] <0.44.0> Application sasl started on node nonode@nohost
2020-04-23 03:47:09.124 [info] <0.44.0> Application lager started on node nonode@nohost
2020-04-23 03:47:09.565 [info] <0.44.0> Application xmerl started on node nonode@nohost
2020-04-23 03:47:10.011 [info] <0.44.0> Application sasl started on node nonode@nohost
2020-04-23 04:06:15.997 [info] <0.44.0> Application lager started on node nonode@nohost
2020-04-23 04:06:16.401 [info] <0.44.0> Application xmerl started on node nonode@nohost
2020-04-23 04:06:16.980 [info] <0.44.0> Application sasl started on node nonode@nohost
2020-04-23 04:13:22.091 [info] <0.44.0> Application lager started on node nonode@nohost
2020-04-23 04:13:22.303 [info] <0.44.0> Application xmerl started on node nonode@nohost
2020-04-23 04:13:22.685 [info] <0.44.0> Application sasl started on node nonode@nohost
2020-04-23 04:33:55.694 [info] <0.44.0> Application lager started on node nonode@nohost
2020-04-23 04:33:56.079 [info] <0.44.0> Application xmerl started on node nonode@nohost
2020-04-23 04:33:56.816 [info] <0.44.0> Application sasl started on node nonode@nohost
2020-04-23 04:34:21.866 [info] <0.44.0> Application lager started on node nonode@nohost
2020-04-23 04:34:22.705 [info] <0.44.0> Application xmerl started on node nonode@nohost
2020-04-23 04:44:59.229 [info] <0.44.0> Application lager started on node nonode@nohost
2020-04-23 04:44:59.453 [info] <0.44.0> Application xmerl started on node nonode@nohost
2020-04-23 04:44:59.918 [info] <0.44.0> Application sasl started on node nonode@nohost
2020-04-23 04:45:16.936 [info] <0.44.0> Application lager started on node nonode@nohost
2020-04-23 04:45:17.206 [info] <0.44.0> Application xmerl started on node nonode@nohost
2020-04-23 04:45:17.742 [info] <0.44.0> Application sasl started on node nonode@nohost
2020-04-23 04:52:49.670 [info] <0.44.0> Application lager started on node nonode@nohost
2020-04-23 04:52:49.912 [info] <0.44.0> Application xmerl started on node nonode@nohost
2020-04-23 04:52:50.410 [info] <0.44.0> Application sasl started on node nonode@nohost
2020-04-23 04:59:00.063 [info] <0.44.0> Application lager started on node nonode@nohost
2020-04-23 04:59:00.325 [info] <0.44.0> Application xmerl started on node nonode@nohost
2020-04-23 04:59:00.922 [info] <0.44.0> Application sasl started on node nonode@nohost
2020-04-23 05:00:39.568 [info] <0.44.0> Application lager started on node nonode@nohost
2020-04-23 05:00:39.883 [info] <0.44.0> Application xmerl started on node nonode@nohost
2020-04-23 05:00:40.457 [info] <0.44.0> Application sasl started on node nonode@nohost
2020-04-23 05:00:57.069 [info] <0.44.0> Application lager started on node nonode@nohost
2020-04-23 05:00:57.366 [info] <0.44.0> Application xmerl started on node nonode@nohost
2020-04-23 05:08:07.819 [info] <0.44.0> Application lager started on node nonode@nohost
2020-04-23 05:08:08.007 [info] <0.44.0> Application xmerl started on node nonode@nohost
2020-04-23 05:08:08.428 [info] <0.44.0> Application sasl started on node nonode@nohost
2020-04-23 05:08:27.838 [info] <0.44.0> Application lager started on node nonode@nohost
2020-04-23 05:08:28.120 [info] <0.44.0> Application xmerl started on node nonode@nohost
2020-04-23 05:08:28.694 [info] <0.44.0> Application sasl started on node nonode@nohost
2020-04-23 05:23:53.663 [info] <0.44.0> Application lager started on node nonode@nohost
2020-04-23 05:23:54.188 [info] <0.44.0> Application xmerl started on node nonode@nohost
2020-04-23 05:23:55.542 [info] <0.44.0> Application sasl started on node nonode@nohost
2020-04-23 05:24:13.194 [info] <0.44.0> Application lager started on node nonode@nohost
2020-04-23 05:24:13.819 [info] <0.44.0> Application xmerl started on node nonode@nohost
2020-04-23 05:24:14.580 [info] <0.44.0> Application sasl started on node nonode@nohost
2020-04-23 05:29:23.982 [info] <0.44.0> Application lager started on node nonode@nohost
2020-04-23 05:29:24.495 [info] <0.44.0> Application xmerl started on node nonode@nohost
2020-04-23 05:29:55.535 [info] <0.44.0> Application lager started on node nonode@nohost
2020-04-23 05:29:57.328 [info] <0.44.0> Application xmerl started on node nonode@nohost
2020-04-23 05:29:59.908 [info] <0.44.0> Application sasl started on node nonode@nohost
2020-04-23 05:33:47.634 [info] <0.44.0> Application lager started on node nonode@nohost
2020-04-23 05:33:47.986 [info] <0.44.0> Application xmerl started on node nonode@nohost
2020-04-23 05:33:48.617 [info] <0.44.0> Application sasl started on node nonode@nohost
2020-04-23 05:34:06.685 [info] <0.44.0> Application lager started on node nonode@nohost
2020-04-23 05:34:06.952 [info] <0.44.0> Application xmerl started on node nonode@nohost
2020-04-23 05:34:07.534 [info] <0.44.0> Application sasl started on node nonode@nohost
2020-04-23 05:39:05.814 [info] <0.44.0> Application lager started on node nonode@nohost
2020-04-23 05:39:06.117 [info] <0.44.0> Application xmerl started on node nonode@nohost
2020-04-23 05:39:06.545 [info] <0.44.0> Application sasl started on node nonode@nohost
2020-04-23 05:39:19.862 [info] <0.44.0> Application lager started on node nonode@nohost
2020-04-23 05:39:20.170 [info] <0.44.0> Application xmerl started on node nonode@nohost
2020-04-23 05:39:20.724 [info] <0.44.0> Application sasl started on node nonode@nohost
2020-04-23 05:42:31.990 [info] <0.44.0> Application lager started on node nonode@nohost
2020-04-23 05:42:32.189 [info] <0.44.0> Application xmerl started on node nonode@nohost
2020-04-23 05:42:32.657 [info] <0.44.0> Application sasl started on node nonode@nohost
2020-04-23 05:42:53.798 [info] <0.44.0> Application lager started on node nonode@nohost
2020-04-23 05:42:54.102 [info] <0.44.0> Application xmerl started on node nonode@nohost
2020-04-23 05:51:54.097 [info] <0.44.0> Application lager started on node nonode@nohost
2020-04-23 05:51:54.434 [info] <0.44.0> Application xmerl started on node nonode@nohost
2020-04-23 05:51:55.004 [info] <0.44.0> Application sasl started on node nonode@nohost
2020-04-23 06:04:52.552 [info] <0.44.0> Application lager started on node nonode@nohost
2020-04-23 06:04:52.860 [info] <0.44.0> Application xmerl started on node nonode@nohost
2020-04-23 06:04:53.379 [info] <0.44.0> Application sasl started on node nonode@nohost
2020-04-23 06:05:11.789 [info] <0.44.0> Application lager started on node nonode@nohost
2020-04-23 06:05:12.046 [info] <0.44.0> Application xmerl started on node nonode@nohost
2020-04-23 06:05:12.528 [info] <0.44.0> Application sasl started on node nonode@nohost
2020-04-23 06:24:37.146 [info] <0.44.0> Application lager started on node nonode@nohost
2020-04-23 06:24:37.392 [info] <0.44.0> Application xmerl started on node nonode@nohost
2020-04-23 06:24:37.945 [info] <0.44.0> Application sasl started on node nonode@nohost
2020-04-23 06:24:52.031 [info] <0.44.0> Application lager started on node nonode@nohost
2020-04-23 06:24:52.236 [info] <0.44.0> Application xmerl started on node nonode@nohost
2020-04-23 06:24:52.727 [info] <0.44.0> Application sasl started on node nonode@nohost
2020-04-23 06:30:09.236 [info] <0.44.0> Application lager started on node nonode@nohost
2020-04-23 06:30:09.675 [info] <0.44.0> Application xmerl started on node nonode@nohost
2020-04-23 06:30:10.285 [info] <0.44.0> Application sasl started on node nonode@nohost
2020-04-23 06:30:23.541 [info] <0.44.0> Application lager started on node nonode@nohost
2020-04-23 06:30:23.795 [info] <0.44.0> Application xmerl started on node nonode@nohost
2020-04-23 06:30:24.343 [info] <0.44.0> Application sasl started on node nonode@nohost
2020-04-23 06:31:44.336 [info] <0.44.0> Application lager started on node nonode@nohost
2020-04-23 06:31:44.925 [info] <0.44.0> Application xmerl started on node nonode@nohost
2020-04-23 06:31:45.488 [info] <0.44.0> Application sasl started on node nonode@nohost
2020-04-23 06:32:05.821 [info] <0.44.0> Application lager started on node nonode@nohost
2020-04-23 06:32:06.097 [info] <0.44.0> Application xmerl started on node nonode@nohost
2020-04-23 06:32:06.723 [info] <0.44.0> Application sasl started on node nonode@nohost
2020-04-23 06:50:21.856 [info] <0.44.0> Application lager started on node nonode@nohost
2020-04-23 06:50:22.616 [info] <0.44.0> Application xmerl started on node nonode@nohost
2020-04-23 06:50:24.134 [info] <0.44.0> Application sasl started on node nonode@nohost
2020-04-23 06:50:44.324 [info] <0.44.0> Application lager started on node nonode@nohost
2020-04-23 06:50:44.753 [info] <0.44.0> Application xmerl started on node nonode@nohost
2020-04-23 06:50:45.580 [info] <0.44.0> Application sasl started on node nonode@nohost
2020-04-23 19:59:18.254 [info] <0.44.0> Application lager started on node nonode@nohost
2020-04-23 19:59:18.375 [info] <0.44.0> Application xmerl started on node nonode@nohost
2020-04-23 19:59:18.507 [info] <0.44.0> Application sasl started on node nonode@nohost
2020-04-23 19:59:18.548 [info] <0.44.0> Application tools started on node nonode@nohost
2020-04-23 19:59:18.578 [info] <0.44.0> Application jsx started on node nonode@nohost
2020-04-23 19:59:18.684 [info] <0.44.0> Application ranch started on node nonode@nohost
2020-04-23 19:59:18.759 [info] <0.44.0> Application recon started on node nonode@nohost
2020-04-23 19:59:19.059 [info] <0.44.0> Application credentials_obfuscation started on node nonode@nohost
2020-04-23 19:59:19.060 [info] <0.44.0> Application rabbit_common started on node nonode@nohost
2020-04-23 19:59:19.113 [info] <0.44.0> Application amqp_client started on node nonode@nohost
2020-04-23 19:59:19.155 [info] <0.44.0> Application amqp started on node nonode@nohost
2020-04-23 19:59:19.185 [info] <0.44.0> Application jason started on node nonode@nohost
2020-04-23 19:59:19.227 [info] <0.44.0> Application connection started on node nonode@nohost
2020-04-23 19:59:19.245 [info] <0.44.0> Application decimal started on node nonode@nohost
2020-04-23 19:59:19.394 [info] <0.44.0> Application db_connection started on node nonode@nohost
2020-04-23 19:59:19.465 [info] <0.44.0> Application postgrex started on node nonode@nohost
2020-04-23 19:59:19.504 [info] <0.44.0> Application ecto started on node nonode@nohost
2020-04-23 19:59:19.514 [info] <0.44.0> Application ecto_sql started on node nonode@nohost
2020-04-23 19:59:19.539 [info] <0.44.0> Application cowlib started on node nonode@nohost
2020-04-23 19:59:19.585 [info] <0.44.0> Application cowboy started on node nonode@nohost
2020-04-23 19:59:19.595 [info] <0.44.0> Application plug_cowboy started on node nonode@nohost
2020-04-23 19:59:19.626 [info] <0.44.0> Application phoenix_ecto started on node nonode@nohost
2020-04-23 19:59:26.113 [info] <0.44.0> Application lager started on node nonode@nohost
2020-04-23 19:59:26.166 [info] <0.44.0> Application xmerl started on node nonode@nohost
2020-04-23 19:59:26.295 [info] <0.44.0> Application sasl started on node nonode@nohost
2020-04-23 19:59:26.311 [info] <0.44.0> Application tools started on node nonode@nohost
2020-04-23 19:59:26.325 [info] <0.44.0> Application jsx started on node nonode@nohost
2020-04-23 19:59:26.357 [info] <0.44.0> Application ranch started on node nonode@nohost
2020-04-23 19:59:26.371 [info] <0.44.0> Application recon started on node nonode@nohost
2020-04-23 19:59:26.431 [info] <0.44.0> Application credentials_obfuscation started on node nonode@nohost
2020-04-23 19:59:26.431 [info] <0.44.0> Application rabbit_common started on node nonode@nohost
2020-04-23 19:59:26.456 [info] <0.44.0> Application amqp_client started on node nonode@nohost
2020-04-23 19:59:26.469 [info] <0.44.0> Application amqp started on node nonode@nohost
2020-04-23 19:59:26.489 [info] <0.44.0> Application jason started on node nonode@nohost
2020-04-23 19:59:26.509 [info] <0.44.0> Application connection started on node nonode@nohost
2020-04-23 19:59:26.526 [info] <0.44.0> Application decimal started on node nonode@nohost
2020-04-23 19:59:26.587 [info] <0.44.0> Application db_connection started on node nonode@nohost
2020-04-23 19:59:26.657 [info] <0.44.0> Application postgrex started on node nonode@nohost
2020-04-23 19:59:26.704 [info] <0.44.0> Application ecto started on node nonode@nohost
2020-04-23 19:59:26.719 [info] <0.44.0> Application ecto_sql started on node nonode@nohost
2020-04-23 19:59:26.760 [info] <0.44.0> Application cowlib started on node nonode@nohost
2020-04-23 19:59:26.798 [info] <0.44.0> Application cowboy started on node nonode@nohost
2020-04-23 19:59:26.811 [info] <0.44.0> Application plug_cowboy started on node nonode@nohost
2020-04-23 19:59:26.827 [info] <0.44.0> Application phoenix_ecto started on node nonode@nohost
2020-04-23 19:59:27.564 [info] <0.44.0> Application microservice_2 started on node nonode@nohost
2020-04-23 20:17:31.690 [info] <0.44.0> Application lager started on node nonode@nohost
2020-04-23 20:17:31.805 [info] <0.44.0> Application xmerl started on node nonode@nohost
2020-04-23 20:17:32.003 [info] <0.44.0> Application sasl started on node nonode@nohost
2020-04-23 20:17:32.068 [info] <0.44.0> Application tools started on node nonode@nohost
2020-04-23 20:17:32.105 [info] <0.44.0> Application jsx started on node nonode@nohost
2020-04-23 20:17:32.216 [info] <0.44.0> Application ranch started on node nonode@nohost
2020-04-23 20:17:32.244 [info] <0.44.0> Application recon started on node nonode@nohost
2020-04-23 20:17:32.558 [info] <0.44.0> Application credentials_obfuscation started on node nonode@nohost
2020-04-23 20:17:32.562 [info] <0.44.0> Application rabbit_common started on node nonode@nohost
2020-04-23 20:17:32.679 [info] <0.44.0> Application amqp_client started on node nonode@nohost
2020-04-23 20:17:32.724 [info] <0.44.0> Application amqp started on node nonode@nohost
2020-04-23 20:17:32.752 [info] <0.44.0> Application jason started on node nonode@nohost
2020-04-23 20:17:32.813 [info] <0.44.0> Application connection started on node nonode@nohost
2020-04-23 20:17:32.840 [info] <0.44.0> Application decimal started on node nonode@nohost
2020-04-23 20:17:32.956 [info] <0.44.0> Application db_connection started on node nonode@nohost
2020-04-23 20:17:33.091 [info] <0.44.0> Application postgrex started on node nonode@nohost
2020-04-23 20:17:33.174 [info] <0.44.0> Application ecto started on node nonode@nohost
2020-04-23 20:17:33.186 [info] <0.44.0> Application ecto_sql started on node nonode@nohost
2020-04-23 20:17:33.245 [info] <0.44.0> Application cowlib started on node nonode@nohost
2020-04-23 20:17:33.291 [info] <0.44.0> Application cowboy started on node nonode@nohost
2020-04-23 20:17:33.319 [info] <0.44.0> Application plug_cowboy started on node nonode@nohost
2020-04-23 20:17:33.371 [info] <0.44.0> Application phoenix_ecto started on node nonode@nohost
2020-04-23 20:21:17.028 [info] <0.44.0> Application lager started on node nonode@nohost
2020-04-23 20:21:17.103 [info] <0.44.0> Application xmerl started on node nonode@nohost
2020-04-23 20:21:17.346 [info] <0.44.0> Application sasl started on node nonode@nohost
2020-04-23 20:21:17.412 [info] <0.44.0> Application tools started on node nonode@nohost
2020-04-23 20:21:17.466 [info] <0.44.0> Application jsx started on node nonode@nohost
2020-04-23 20:21:17.589 [info] <0.44.0> Application ranch started on node nonode@nohost
2020-04-23 20:21:17.612 [info] <0.44.0> Application recon started on node nonode@nohost
2020-04-23 20:21:17.862 [info] <0.44.0> Application credentials_obfuscation started on node nonode@nohost
2020-04-23 20:21:17.865 [info] <0.44.0> Application rabbit_common started on node nonode@nohost
2020-04-23 20:21:17.977 [info] <0.44.0> Application amqp_client started on node nonode@nohost
2020-04-23 20:21:18.013 [info] <0.44.0> Application amqp started on node nonode@nohost
2020-04-23 20:21:18.044 [info] <0.44.0> Application jason started on node nonode@nohost
2020-04-23 20:21:18.094 [info] <0.44.0> Application connection started on node nonode@nohost
2020-04-23 20:21:18.112 [info] <0.44.0> Application decimal started on node nonode@nohost
2020-04-23 20:21:18.285 [info] <0.44.0> Application db_connection started on node nonode@nohost
2020-04-23 20:21:18.406 [info] <0.44.0> Application postgrex started on node nonode@nohost
2020-04-23 20:21:18.485 [info] <0.44.0> Application ecto started on node nonode@nohost
2020-04-23 20:21:18.504 [info] <0.44.0> Application ecto_sql started on node nonode@nohost
2020-04-23 20:21:18.545 [info] <0.44.0> Application cowlib started on node nonode@nohost
2020-04-23 20:21:18.580 [info] <0.44.0> Application cowboy started on node nonode@nohost
2020-04-23 20:21:18.597 [info] <0.44.0> Application plug_cowboy started on node nonode@nohost
2020-04-23 20:21:18.608 [info] <0.44.0> Application phoenix_ecto started on node nonode@nohost
2020-04-23 20:28:48.449 [info] <0.44.0> Application lager started on node nonode@nohost
2020-04-23 20:28:48.534 [info] <0.44.0> Application xmerl started on node nonode@nohost
2020-04-23 20:28:48.726 [info] <0.44.0> Application sasl started on node nonode@nohost
2020-04-23 20:28:48.765 [info] <0.44.0> Application tools started on node nonode@nohost
2020-04-23 20:28:48.795 [info] <0.44.0> Application jsx started on node nonode@nohost
2020-04-23 20:28:48.860 [info] <0.44.0> Application ranch started on node nonode@nohost
2020-04-23 20:28:48.885 [info] <0.44.0> Application recon started on node nonode@nohost
2020-04-23 20:28:49.047 [info] <0.44.0> Application credentials_obfuscation started on node nonode@nohost
2020-04-23 20:28:49.048 [info] <0.44.0> Application rabbit_common started on node nonode@nohost
2020-04-23 20:28:49.098 [info] <0.44.0> Application amqp_client started on node nonode@nohost
2020-04-23 20:28:49.119 [info] <0.44.0> Application amqp started on node nonode@nohost
2020-04-23 20:28:49.153 [info] <0.44.0> Application jason started on node nonode@nohost
2020-04-23 20:28:49.187 [info] <0.44.0> Application connection started on node nonode@nohost
2020-04-23 20:28:49.234 [info] <0.44.0> Application decimal started on node nonode@nohost
2020-04-23 20:28:49.305 [info] <0.44.0> Application db_connection started on node nonode@nohost
2020-04-23 20:28:49.395 [info] <0.44.0> Application postgrex started on node nonode@nohost
2020-04-23 20:28:49.465 [info] <0.44.0> Application ecto started on node nonode@nohost
2020-04-23 20:28:49.471 [info] <0.44.0> Application ecto_sql started on node nonode@nohost
2020-04-23 20:28:49.507 [info] <0.44.0> Application cowlib started on node nonode@nohost
2020-04-23 20:28:49.570 [info] <0.44.0> Application cowboy started on node nonode@nohost
2020-04-23 20:28:49.587 [info] <0.44.0> Application plug_cowboy started on node nonode@nohost
2020-04-23 20:28:49.607 [info] <0.44.0> Application phoenix_ecto started on node nonode@nohost
2020-04-23 20:28:50.585 [info] <0.44.0> Application microservice_2 started on node nonode@nohost
