2020-04-26 06:49:56.018 [info] <0.44.0> Application lager started on node nonode@nohost
2020-04-26 06:49:56.371 [info] <0.44.0> Application xmerl started on node nonode@nohost
2020-04-26 06:49:56.653 [info] <0.44.0> Application sasl started on node nonode@nohost
2020-04-26 06:49:56.688 [info] <0.44.0> Application tools started on node nonode@nohost
2020-04-26 06:49:56.729 [info] <0.44.0> Application jsx started on node nonode@nohost
2020-04-26 06:49:56.839 [info] <0.44.0> Application ranch started on node nonode@nohost
2020-04-26 06:49:56.859 [info] <0.44.0> Application recon started on node nonode@nohost
2020-04-26 06:49:57.001 [info] <0.44.0> Application credentials_obfuscation started on node nonode@nohost
2020-04-26 06:49:57.003 [info] <0.44.0> Application rabbit_common started on node nonode@nohost
2020-04-26 06:49:57.029 [info] <0.44.0> Application amqp_client started on node nonode@nohost
2020-04-26 06:49:57.048 [info] <0.44.0> Application amqp started on node nonode@nohost
2020-04-26 06:49:57.068 [info] <0.44.0> Application jason started on node nonode@nohost
2020-04-26 06:49:57.102 [info] <0.44.0> Application connection started on node nonode@nohost
2020-04-26 06:49:57.130 [info] <0.44.0> Application decimal started on node nonode@nohost
2020-04-26 06:49:57.218 [info] <0.44.0> Application db_connection started on node nonode@nohost
2020-04-26 06:49:57.289 [info] <0.44.0> Application postgrex started on node nonode@nohost
2020-04-26 06:50:12.872 [info] <0.44.0> Application lager started on node nonode@nohost
2020-04-26 06:50:12.886 [info] <0.44.0> Application xmerl started on node nonode@nohost
2020-04-26 06:50:12.912 [info] <0.44.0> Application sasl started on node nonode@nohost
2020-04-26 06:50:12.922 [info] <0.44.0> Application tools started on node nonode@nohost
2020-04-26 06:50:12.928 [info] <0.44.0> Application jsx started on node nonode@nohost
2020-04-26 06:50:12.938 [info] <0.44.0> Application ranch started on node nonode@nohost
2020-04-26 06:50:12.941 [info] <0.44.0> Application recon started on node nonode@nohost
2020-04-26 06:50:12.991 [info] <0.44.0> Application credentials_obfuscation started on node nonode@nohost
2020-04-26 06:50:12.991 [info] <0.44.0> Application rabbit_common started on node nonode@nohost
2020-04-26 06:50:13.005 [info] <0.44.0> Application amqp_client started on node nonode@nohost
2020-04-26 06:50:13.011 [info] <0.44.0> Application amqp started on node nonode@nohost
2020-04-26 06:50:13.018 [info] <0.44.0> Application jason started on node nonode@nohost
2020-04-26 06:50:13.029 [info] <0.44.0> Application connection started on node nonode@nohost
2020-04-26 06:50:13.035 [info] <0.44.0> Application decimal started on node nonode@nohost
2020-04-26 06:50:13.058 [info] <0.44.0> Application db_connection started on node nonode@nohost
2020-04-26 06:50:13.083 [info] <0.44.0> Application postgrex started on node nonode@nohost
2020-04-26 06:50:13.105 [info] <0.44.0> Application ecto started on node nonode@nohost
2020-04-26 06:50:13.107 [info] <0.44.0> Application ecto_sql started on node nonode@nohost
2020-04-26 06:50:13.127 [info] <0.44.0> Application cowlib started on node nonode@nohost
2020-04-26 06:50:13.136 [info] <0.44.0> Application cowboy started on node nonode@nohost
2020-04-26 06:50:13.141 [info] <0.44.0> Application plug_cowboy started on node nonode@nohost
2020-04-26 06:50:13.150 [info] <0.44.0> Application phoenix_ecto started on node nonode@nohost
2020-04-26 06:50:13.522 [info] <0.44.0> Application api started on node nonode@nohost
2020-04-26 07:02:10.444 [info] <0.60.0> SIGTERM received - shutting down
2020-04-26 07:03:04.116 [info] <0.44.0> Application lager started on node nonode@nohost
2020-04-26 07:03:04.254 [info] <0.44.0> Application xmerl started on node nonode@nohost
2020-04-26 07:03:04.367 [info] <0.44.0> Application sasl started on node nonode@nohost
2020-04-26 07:03:04.406 [info] <0.44.0> Application tools started on node nonode@nohost
2020-04-26 07:03:04.429 [info] <0.44.0> Application jsx started on node nonode@nohost
2020-04-26 07:03:04.524 [info] <0.44.0> Application ranch started on node nonode@nohost
2020-04-26 07:03:04.580 [info] <0.44.0> Application recon started on node nonode@nohost
2020-04-26 07:03:04.806 [info] <0.44.0> Application credentials_obfuscation started on node nonode@nohost
2020-04-26 07:03:04.807 [info] <0.44.0> Application rabbit_common started on node nonode@nohost
2020-04-26 07:03:04.875 [info] <0.44.0> Application amqp_client started on node nonode@nohost
2020-04-26 07:03:04.897 [info] <0.44.0> Application amqp started on node nonode@nohost
2020-04-26 07:03:04.920 [info] <0.44.0> Application jason started on node nonode@nohost
2020-04-26 07:03:04.975 [info] <0.44.0> Application connection started on node nonode@nohost
2020-04-26 07:03:05.012 [info] <0.44.0> Application decimal started on node nonode@nohost
2020-04-26 07:03:05.081 [info] <0.44.0> Application db_connection started on node nonode@nohost
2020-04-26 07:03:05.164 [info] <0.44.0> Application postgrex started on node nonode@nohost
2020-04-26 07:03:05.219 [info] <0.44.0> Application ecto started on node nonode@nohost
2020-04-26 07:03:05.230 [info] <0.44.0> Application ecto_sql started on node nonode@nohost
2020-04-26 07:03:05.277 [info] <0.44.0> Application cowlib started on node nonode@nohost
2020-04-26 07:03:05.322 [info] <0.44.0> Application cowboy started on node nonode@nohost
2020-04-26 07:03:05.334 [info] <0.44.0> Application plug_cowboy started on node nonode@nohost
2020-04-26 07:03:05.363 [info] <0.44.0> Application phoenix_ecto started on node nonode@nohost
2020-04-26 07:03:20.958 [error] <0.418.0> Supervisor {<0.418.0>,'Elixir.Supervisor.Default'} had child 'Elixir.Api.Supervisors.Connection' started with 'Elixir.Api.Supervisors.Connection':start_link([]) at undefined exit with reason #{'__exception__' => true,'__struct__' => 'Elixir.Protocol.UndefinedError',description => <<>>,protocol => 'Elixir.String.Chars',value => #{'__struct__' => 'Elixir.AMQP.Connection',pid => <0.464.0>}} in 'Elixir.String.Chars':'impl_for!'/1 line 3 in context start_error
2020-04-26 07:03:20.959 [error] <0.387.0> Supervisor 'Elixir.Api.Supervisor' had child 'Elixir.Api.Supervisors.Supervisor' started with 'Elixir.Api.Supervisors.Supervisor':start_link([]) at undefined exit with reason {shutdown,{failed_to_start_child,'Elixir.Api.Supervisors.Connection',{#{'__exception__' => true,'__struct__' => 'Elixir.Protocol.UndefinedError',description => <<>>,protocol => 'Elixir.String.Chars',value => #{'__struct__' => 'Elixir.AMQP.Connection',pid => <0.464.0>}},[{'Elixir.String.Chars','impl_for!',1,[{file,"lib/string/chars.ex"},{line,3}]},{'Elixir.String.Chars',to_string,1,[{file,"lib/string/chars.ex"},{line,22}]},{'Elixir.IO',puts,2,[{file,"lib/io.ex"},{line,669}]},{'Elixir.Api.Supervisors.Connection',...},...]}}} in context start_error
2020-04-26 07:03:20.969 [error] <0.385.0> CRASH REPORT Process <0.385.0> with 0 neighbours exited with reason: {{shutdown,{failed_to_start_child,'Elixir.Api.Supervisors.Supervisor',{shutdown,{failed_to_start_child,'Elixir.Api.Supervisors.Connection',{#{'__exception__' => true,'__struct__' => 'Elixir.Protocol.UndefinedError',description => <<>>,protocol => 'Elixir.String.Chars',value => #{'__struct__' => 'Elixir.AMQP.Connection',pid => <0.464.0>}},[{'Elixir.String.Chars','impl_for!',1,[{file,"lib/string/chars.ex"},{line,3}]},{'Elixir.String.Chars',to_string,1,[{file,"lib/string/chars.ex"},{line,22}]},...]}}}}},...} in application_master:init/4 line 138
2020-04-26 07:03:24.922 [error] <0.456.0> CRASH REPORT Process <0.456.0> with 0 neighbours crashed with reason: #{'__exception__' => true,'__struct__' => 'Elixir.Protocol.UndefinedError',description => <<>>,protocol => 'Elixir.String.Chars',value => #{'__struct__' => 'Elixir.AMQP.Connection',pid => <0.459.0>}} in 'Elixir.String.Chars':'impl_for!'/1 line 3
2020-04-26 07:03:24.923 [error] <0.455.0> Supervisor {<0.455.0>,'Elixir.Supervisor.Default'} had child 'Elixir.Api.Supervisors.Connection' started with 'Elixir.Api.Supervisors.Connection':start_link([]) at undefined exit with reason #{'__exception__' => true,'__struct__' => 'Elixir.Protocol.UndefinedError',description => <<>>,protocol => 'Elixir.String.Chars',value => #{'__struct__' => 'Elixir.AMQP.Connection',pid => <0.459.0>}} in 'Elixir.String.Chars':'impl_for!'/1 line 3 in context start_error
2020-04-26 07:03:24.939 [error] <0.427.0> Supervisor 'Elixir.Api.Supervisor' had child 'Elixir.Api.Supervisors.Supervisor' started with 'Elixir.Api.Supervisors.Supervisor':start_link([]) at undefined exit with reason {shutdown,{failed_to_start_child,'Elixir.Api.Supervisors.Connection',{#{'__exception__' => true,'__struct__' => 'Elixir.Protocol.UndefinedError',description => <<>>,protocol => 'Elixir.String.Chars',value => #{'__struct__' => 'Elixir.AMQP.Connection',pid => <0.459.0>}},[{'Elixir.String.Chars','impl_for!',1,[{file,"lib/string/chars.ex"},{line,3}]},{'Elixir.String.Chars',to_string,1,[{file,"lib/string/chars.ex"},{line,22}]},{'Elixir.IO',puts,2,[{file,"lib/io.ex"},{line,669}]},{'Elixir.Api.Supervisors.Connection',...},...]}}} in context start_error
2020-04-26 07:03:27.307 [info] <0.44.0> Application lager started on node nonode@nohost
2020-04-26 07:03:27.336 [info] <0.44.0> Application xmerl started on node nonode@nohost
2020-04-26 07:03:27.377 [info] <0.44.0> Application sasl started on node nonode@nohost
2020-04-26 07:03:27.390 [info] <0.44.0> Application tools started on node nonode@nohost
2020-04-26 07:03:27.403 [info] <0.44.0> Application jsx started on node nonode@nohost
2020-04-26 07:03:27.422 [info] <0.44.0> Application ranch started on node nonode@nohost
2020-04-26 07:03:27.436 [info] <0.44.0> Application recon started on node nonode@nohost
2020-04-26 07:03:27.493 [info] <0.44.0> Application credentials_obfuscation started on node nonode@nohost
2020-04-26 07:03:27.494 [info] <0.44.0> Application rabbit_common started on node nonode@nohost
2020-04-26 07:03:27.516 [info] <0.44.0> Application amqp_client started on node nonode@nohost
2020-04-26 07:03:27.523 [info] <0.44.0> Application amqp started on node nonode@nohost
2020-04-26 07:03:27.534 [info] <0.44.0> Application jason started on node nonode@nohost
2020-04-26 07:03:27.548 [info] <0.44.0> Application connection started on node nonode@nohost
2020-04-26 07:03:27.609 [info] <0.44.0> Application decimal started on node nonode@nohost
2020-04-26 07:03:27.662 [info] <0.44.0> Application db_connection started on node nonode@nohost
2020-04-26 07:03:27.705 [info] <0.44.0> Application postgrex started on node nonode@nohost
2020-04-26 07:03:27.739 [info] <0.44.0> Application ecto started on node nonode@nohost
2020-04-26 07:03:27.755 [info] <0.44.0> Application ecto_sql started on node nonode@nohost
2020-04-26 07:03:27.772 [info] <0.44.0> Application cowlib started on node nonode@nohost
2020-04-26 07:03:27.796 [info] <0.44.0> Application cowboy started on node nonode@nohost
2020-04-26 07:03:27.800 [info] <0.44.0> Application plug_cowboy started on node nonode@nohost
2020-04-26 07:03:27.803 [info] <0.44.0> Application phoenix_ecto started on node nonode@nohost
2020-04-26 07:03:28.456 [error] <0.522.0> CRASH REPORT Process <0.522.0> with 0 neighbours crashed with reason: #{'__exception__' => true,'__struct__' => 'Elixir.Protocol.UndefinedError',description => <<>>,protocol => 'Elixir.String.Chars',value => #{'__struct__' => 'Elixir.AMQP.Connection',pid => <0.525.0>}} in 'Elixir.String.Chars':'impl_for!'/1 line 3
2020-04-26 07:03:28.456 [error] <0.521.0> Supervisor {<0.521.0>,'Elixir.Supervisor.Default'} had child 'Elixir.Api.Supervisors.Connection' started with 'Elixir.Api.Supervisors.Connection':start_link([]) at undefined exit with reason #{'__exception__' => true,'__struct__' => 'Elixir.Protocol.UndefinedError',description => <<>>,protocol => 'Elixir.String.Chars',value => #{'__struct__' => 'Elixir.AMQP.Connection',pid => <0.525.0>}} in 'Elixir.String.Chars':'impl_for!'/1 line 3 in context start_error
2020-04-26 07:03:28.457 [error] <0.387.0> Supervisor 'Elixir.Api.Supervisor' had child 'Elixir.Api.Supervisors.Supervisor' started with 'Elixir.Api.Supervisors.Supervisor':start_link([]) at undefined exit with reason {shutdown,{failed_to_start_child,'Elixir.Api.Supervisors.Connection',{#{'__exception__' => true,'__struct__' => 'Elixir.Protocol.UndefinedError',description => <<>>,protocol => 'Elixir.String.Chars',value => #{'__struct__' => 'Elixir.AMQP.Connection',pid => <0.525.0>}},[{'Elixir.String.Chars','impl_for!',1,[{file,"lib/string/chars.ex"},{line,3}]},{'Elixir.String.Chars',to_string,1,[{file,"lib/string/chars.ex"},{line,22}]},{'Elixir.IO',puts,2,[{file,"lib/io.ex"},{line,669}]},{'Elixir.Api.Supervisors.Connection',...},...]}}} in context start_error
2020-04-26 07:03:28.481 [error] <0.385.0> CRASH REPORT Process <0.385.0> with 0 neighbours exited with reason: {{shutdown,{failed_to_start_child,'Elixir.Api.Supervisors.Supervisor',{shutdown,{failed_to_start_child,'Elixir.Api.Supervisors.Connection',{#{'__exception__' => true,'__struct__' => 'Elixir.Protocol.UndefinedError',description => <<>>,protocol => 'Elixir.String.Chars',value => #{'__struct__' => 'Elixir.AMQP.Connection',pid => <0.525.0>}},[{'Elixir.String.Chars','impl_for!',1,[{file,"lib/string/chars.ex"},{line,3}]},{'Elixir.String.Chars',to_string,1,[{file,"lib/string/chars.ex"},{line,22}]},...]}}}}},...} in application_master:init/4 line 138
2020-04-26 07:12:46.936 [info] <0.44.0> Application lager started on node nonode@nohost
2020-04-26 07:12:47.035 [info] <0.44.0> Application xmerl started on node nonode@nohost
2020-04-26 07:12:47.210 [info] <0.44.0> Application sasl started on node nonode@nohost
2020-04-26 07:12:47.290 [info] <0.44.0> Application tools started on node nonode@nohost
2020-04-26 07:12:47.333 [info] <0.44.0> Application jsx started on node nonode@nohost
2020-04-26 07:12:47.429 [info] <0.44.0> Application ranch started on node nonode@nohost
2020-04-26 07:12:47.452 [info] <0.44.0> Application recon started on node nonode@nohost
2020-04-26 07:12:47.706 [info] <0.44.0> Application credentials_obfuscation started on node nonode@nohost
2020-04-26 07:12:47.707 [info] <0.44.0> Application rabbit_common started on node nonode@nohost
2020-04-26 07:12:47.770 [info] <0.44.0> Application amqp_client started on node nonode@nohost
2020-04-26 07:12:47.782 [info] <0.44.0> Application amqp started on node nonode@nohost
2020-04-26 07:12:47.829 [info] <0.44.0> Application jason started on node nonode@nohost
2020-04-26 07:12:47.869 [info] <0.44.0> Application connection started on node nonode@nohost
2020-04-26 07:12:47.895 [info] <0.44.0> Application decimal started on node nonode@nohost
2020-04-26 07:12:48.035 [info] <0.44.0> Application db_connection started on node nonode@nohost
2020-04-26 07:12:48.140 [info] <0.44.0> Application postgrex started on node nonode@nohost
2020-04-26 07:12:48.189 [info] <0.44.0> Application ecto started on node nonode@nohost
2020-04-26 07:12:48.208 [info] <0.44.0> Application ecto_sql started on node nonode@nohost
2020-04-26 07:12:48.246 [info] <0.44.0> Application cowlib started on node nonode@nohost
2020-04-26 07:12:48.282 [info] <0.44.0> Application cowboy started on node nonode@nohost
2020-04-26 07:12:48.297 [info] <0.44.0> Application plug_cowboy started on node nonode@nohost
2020-04-26 07:12:48.316 [info] <0.44.0> Application phoenix_ecto started on node nonode@nohost
2020-04-26 07:13:09.695 [info] <0.44.0> Application lager started on node nonode@nohost
2020-04-26 07:13:09.712 [info] <0.44.0> Application xmerl started on node nonode@nohost
2020-04-26 07:13:09.749 [info] <0.44.0> Application sasl started on node nonode@nohost
2020-04-26 07:13:09.766 [info] <0.44.0> Application tools started on node nonode@nohost
2020-04-26 07:13:09.776 [info] <0.44.0> Application jsx started on node nonode@nohost
2020-04-26 07:13:09.791 [info] <0.44.0> Application ranch started on node nonode@nohost
2020-04-26 07:13:09.800 [info] <0.44.0> Application recon started on node nonode@nohost
2020-04-26 07:13:09.859 [info] <0.44.0> Application credentials_obfuscation started on node nonode@nohost
2020-04-26 07:13:09.859 [info] <0.44.0> Application rabbit_common started on node nonode@nohost
2020-04-26 07:13:09.877 [info] <0.44.0> Application amqp_client started on node nonode@nohost
2020-04-26 07:13:09.885 [info] <0.44.0> Application amqp started on node nonode@nohost
2020-04-26 07:13:09.894 [info] <0.44.0> Application jason started on node nonode@nohost
2020-04-26 07:13:09.903 [info] <0.44.0> Application connection started on node nonode@nohost
2020-04-26 07:13:09.907 [info] <0.44.0> Application decimal started on node nonode@nohost
2020-04-26 07:13:09.927 [info] <0.44.0> Application db_connection started on node nonode@nohost
2020-04-26 07:13:09.950 [info] <0.44.0> Application postgrex started on node nonode@nohost
2020-04-26 07:13:09.968 [info] <0.44.0> Application ecto started on node nonode@nohost
2020-04-26 07:13:09.971 [info] <0.44.0> Application ecto_sql started on node nonode@nohost
2020-04-26 07:13:09.987 [info] <0.44.0> Application cowlib started on node nonode@nohost
2020-04-26 07:13:09.995 [info] <0.44.0> Application cowboy started on node nonode@nohost
2020-04-26 07:13:09.999 [info] <0.44.0> Application plug_cowboy started on node nonode@nohost
2020-04-26 07:13:10.008 [info] <0.44.0> Application phoenix_ecto started on node nonode@nohost
2020-04-26 07:13:10.642 [info] <0.44.0> Application api started on node nonode@nohost
2020-04-26 07:13:36.450 [info] <0.44.0> Application lager started on node nonode@nohost
2020-04-26 07:13:36.472 [info] <0.44.0> Application xmerl started on node nonode@nohost
2020-04-26 07:13:36.502 [info] <0.44.0> Application sasl started on node nonode@nohost
2020-04-26 07:13:36.516 [info] <0.44.0> Application tools started on node nonode@nohost
2020-04-26 07:13:36.520 [info] <0.44.0> Application jsx started on node nonode@nohost
2020-04-26 07:13:36.545 [info] <0.44.0> Application ranch started on node nonode@nohost
2020-04-26 07:13:36.549 [info] <0.44.0> Application recon started on node nonode@nohost
2020-04-26 07:13:36.597 [info] <0.44.0> Application credentials_obfuscation started on node nonode@nohost
2020-04-26 07:13:36.597 [info] <0.44.0> Application rabbit_common started on node nonode@nohost
2020-04-26 07:13:36.625 [info] <0.44.0> Application amqp_client started on node nonode@nohost
2020-04-26 07:13:36.634 [info] <0.44.0> Application amqp started on node nonode@nohost
2020-04-26 07:13:36.645 [info] <0.44.0> Application jason started on node nonode@nohost
2020-04-26 07:13:36.654 [info] <0.44.0> Application connection started on node nonode@nohost
2020-04-26 07:13:36.656 [info] <0.44.0> Application decimal started on node nonode@nohost
2020-04-26 07:13:36.680 [info] <0.44.0> Application db_connection started on node nonode@nohost
2020-04-26 07:13:36.703 [info] <0.44.0> Application postgrex started on node nonode@nohost
2020-04-26 07:13:36.723 [info] <0.44.0> Application ecto started on node nonode@nohost
2020-04-26 07:13:36.727 [info] <0.44.0> Application ecto_sql started on node nonode@nohost
2020-04-26 07:13:36.739 [info] <0.44.0> Application cowlib started on node nonode@nohost
2020-04-26 07:13:36.749 [info] <0.44.0> Application cowboy started on node nonode@nohost
2020-04-26 07:13:36.752 [info] <0.44.0> Application plug_cowboy started on node nonode@nohost
2020-04-26 07:13:36.757 [info] <0.44.0> Application phoenix_ecto started on node nonode@nohost
2020-04-26 07:13:37.271 [info] <0.44.0> Application api started on node nonode@nohost
2020-04-26 07:47:29.863 [info] <0.60.0> SIGTERM received - shutting down
2020-04-26 07:49:15.079 [info] <0.44.0> Application lager started on node nonode@nohost
2020-04-26 07:49:15.144 [info] <0.44.0> Application xmerl started on node nonode@nohost
2020-04-26 07:49:15.268 [info] <0.44.0> Application sasl started on node nonode@nohost
2020-04-26 07:49:15.322 [info] <0.44.0> Application tools started on node nonode@nohost
2020-04-26 07:49:15.334 [info] <0.44.0> Application jsx started on node nonode@nohost
2020-04-26 07:49:15.379 [info] <0.44.0> Application ranch started on node nonode@nohost
2020-04-26 07:49:15.405 [info] <0.44.0> Application recon started on node nonode@nohost
2020-04-26 07:49:15.544 [info] <0.44.0> Application credentials_obfuscation started on node nonode@nohost
2020-04-26 07:49:15.549 [info] <0.44.0> Application rabbit_common started on node nonode@nohost
2020-04-26 07:49:15.605 [info] <0.44.0> Application amqp_client started on node nonode@nohost
2020-04-26 07:49:15.613 [info] <0.44.0> Application amqp started on node nonode@nohost
2020-04-26 07:49:15.627 [info] <0.44.0> Application jason started on node nonode@nohost
2020-04-26 07:49:15.658 [info] <0.44.0> Application connection started on node nonode@nohost
2020-04-26 07:49:15.672 [info] <0.44.0> Application decimal started on node nonode@nohost
2020-04-26 07:49:15.745 [info] <0.44.0> Application db_connection started on node nonode@nohost
2020-04-26 07:49:15.811 [info] <0.44.0> Application postgrex started on node nonode@nohost
2020-04-26 07:49:15.850 [info] <0.44.0> Application ecto started on node nonode@nohost
2020-04-26 07:49:15.858 [info] <0.44.0> Application ecto_sql started on node nonode@nohost
2020-04-26 07:49:15.876 [info] <0.44.0> Application cowlib started on node nonode@nohost
2020-04-26 07:49:15.901 [info] <0.44.0> Application cowboy started on node nonode@nohost
2020-04-26 07:49:15.916 [info] <0.44.0> Application plug_cowboy started on node nonode@nohost
2020-04-26 07:49:15.936 [info] <0.44.0> Application phoenix_ecto started on node nonode@nohost
2020-04-26 07:49:57.823 [info] <0.44.0> Application lager started on node nonode@nohost
2020-04-26 07:49:57.903 [info] <0.44.0> Application xmerl started on node nonode@nohost
2020-04-26 07:49:58.043 [info] <0.44.0> Application sasl started on node nonode@nohost
2020-04-26 07:49:58.073 [info] <0.44.0> Application tools started on node nonode@nohost
2020-04-26 07:49:58.086 [info] <0.44.0> Application jsx started on node nonode@nohost
2020-04-26 07:49:58.187 [info] <0.44.0> Application ranch started on node nonode@nohost
2020-04-26 07:49:58.207 [info] <0.44.0> Application recon started on node nonode@nohost
2020-04-26 07:49:58.357 [info] <0.44.0> Application credentials_obfuscation started on node nonode@nohost
2020-04-26 07:49:58.358 [info] <0.44.0> Application rabbit_common started on node nonode@nohost
2020-04-26 07:49:58.421 [info] <0.44.0> Application amqp_client started on node nonode@nohost
2020-04-26 07:49:58.458 [info] <0.44.0> Application amqp started on node nonode@nohost
2020-04-26 07:49:58.479 [info] <0.44.0> Application jason started on node nonode@nohost
2020-04-26 07:49:58.516 [info] <0.44.0> Application connection started on node nonode@nohost
2020-04-26 07:49:58.530 [info] <0.44.0> Application decimal started on node nonode@nohost
2020-04-26 07:49:58.631 [info] <0.44.0> Application db_connection started on node nonode@nohost
2020-04-26 07:49:58.777 [info] <0.44.0> Application postgrex started on node nonode@nohost
2020-04-26 07:49:58.879 [info] <0.44.0> Application ecto started on node nonode@nohost
2020-04-26 07:49:58.903 [info] <0.44.0> Application ecto_sql started on node nonode@nohost
2020-04-26 07:49:58.940 [info] <0.44.0> Application cowlib started on node nonode@nohost
2020-04-26 07:49:58.986 [info] <0.44.0> Application cowboy started on node nonode@nohost
2020-04-26 07:49:59.000 [info] <0.44.0> Application plug_cowboy started on node nonode@nohost
2020-04-26 07:49:59.021 [info] <0.44.0> Application phoenix_ecto started on node nonode@nohost
2020-04-26 07:50:12.460 [error] <0.458.0>@amqp_gen_connection:terminate:242 gen_server <0.458.0> terminated with reason: no function clause matching amqp_gen_connection:terminate({badarg,[{erlang,byte_size,[nil],[]},{amqp_auth_mechanisms,plain,3,[]},{amqp_network_connection,...},...]}, {<0.457.0>,{amqp_params_network,nil,<<"68zmC1Ec7NKTHpA+AvVqnScJF3ARsu6z7KcZMWoM5OwTg+VyPk1ENdBuYza...">>,...}}) line 242
2020-04-26 07:50:12.583 [error] <0.458.0>@amqp_gen_connection:terminate:242 CRASH REPORT Process <0.458.0> with 0 neighbours crashed with reason: no function clause matching amqp_gen_connection:terminate({badarg,[{erlang,byte_size,[nil],[]},{amqp_auth_mechanisms,plain,3,[]},{amqp_network_connection,...},...]}, {<0.457.0>,{amqp_params_network,nil,<<"68zmC1Ec7NKTHpA+AvVqnScJF3ARsu6z7KcZMWoM5OwTg+VyPk1ENdBuYza...">>,...}}) line 242
2020-04-26 07:50:12.584 [error] <0.456.0>@amqp_gen_connection:terminate:242 Supervisor {<0.456.0>,amqp_connection_sup} had child connection started with amqp_gen_connection:start_link(<0.457.0>, {amqp_params_network,nil,<<"68zmC1Ec7NKTHpA+AvVqnScJF3ARsu6z7KcZMWoM5OwTg+VyPk1ENdBuYzaQyd/Y">>,...}) at <0.458.0> exit with reason no function clause matching amqp_gen_connection:terminate({badarg,[{erlang,byte_size,[nil],[]},{amqp_auth_mechanisms,plain,3,[]},{amqp_network_connection,...},...]}, {<0.457.0>,{amqp_params_network,nil,<<"68zmC1Ec7NKTHpA+AvVqnScJF3ARsu6z7KcZMWoM5OwTg+VyPk1ENdBuYza...">>,...}}) line 242 in context child_terminated
2020-04-26 07:50:12.588 [error] <0.456.0> Supervisor {<0.456.0>,amqp_connection_sup} had child connection started with amqp_gen_connection:start_link(<0.457.0>, {amqp_params_network,nil,<<"68zmC1Ec7NKTHpA+AvVqnScJF3ARsu6z7KcZMWoM5OwTg+VyPk1ENdBuYzaQyd/Y">>,...}) at <0.458.0> exit with reason reached_max_restart_intensity in context shutdown
2020-04-26 07:50:12.588 [error] <0.419.0> CRASH REPORT Process <0.419.0> with 0 neighbours exited with reason: {{function_clause,[{amqp_gen_connection,terminate,[{badarg,[{erlang,byte_size,[nil],[]},{amqp_auth_mechanisms,plain,3,[]},{amqp_network_connection,login,3,[{file,"/app/deps/amqp_client/src/amqp_network_connection.erl"},{line,277}]},{amqp_network_connection,network_handshake,2,[{file,"/app/deps/amqp_client/src/amqp_network_connection.erl"},{line,204}]},{amqp_network_connection,try_handshake,3,[{file,"/app/deps/amqp_client/src/amqp_network_connection.erl"},{line,184}]},{amqp_gen_connection,...},...]},...],...},...]},...} in gen_server:call/3 line 223
2020-04-26 07:50:12.589 [error] <0.418.0> Supervisor {<0.418.0>,'Elixir.Supervisor.Default'} had child 'Elixir.Api.Supervisors.Connection' started with 'Elixir.Api.Supervisors.Connection':start_link([]) at undefined exit with reason {{function_clause,[{amqp_gen_connection,terminate,[{badarg,[{erlang,byte_size,[nil],[]},{amqp_auth_mechanisms,plain,3,[]},{amqp_network_connection,login,3,[{file,"/app/deps/amqp_client/src/amqp_network_connection.erl"},{line,277}]},{amqp_network_connection,network_handshake,2,[{file,"/app/deps/amqp_client/src/amqp_network_connection.erl"},{line,204}]},{amqp_network_connection,try_handshake,3,[{file,"/app/deps/amqp_client/src/amqp_network_connection.erl"},{line,184}]},{amqp_gen_connection,...},...]},...],...},...]},...} in context start_error
2020-04-26 07:50:12.596 [error] <0.387.0> Supervisor 'Elixir.Api.Supervisor' had child 'Elixir.Api.Supervisors.Supervisor' started with 'Elixir.Api.Supervisors.Supervisor':start_link([]) at undefined exit with reason {shutdown,{failed_to_start_child,'Elixir.Api.Supervisors.Connection',{{function_clause,[{amqp_gen_connection,terminate,[{badarg,[{erlang,byte_size,[nil],[]},{amqp_auth_mechanisms,plain,3,[]},{amqp_network_connection,login,3,[{file,"/app/deps/amqp_client/src/amqp_network_connection.erl"},{line,277}]},{amqp_network_connection,network_handshake,2,[{file,"/app/deps/amqp_client/src/amqp_network_connection.erl"},{line,204}]},{amqp_network_connection,try_handshake,3,[{file,"/app/deps/amqp_clien..."},...]},...]},...],...},...]},...}}} in context start_error
2020-04-26 07:50:12.597 [error] <0.385.0> CRASH REPORT Process <0.385.0> with 0 neighbours exited with reason: {{shutdown,{failed_to_start_child,'Elixir.Api.Supervisors.Supervisor',{shutdown,{failed_to_start_child,'Elixir.Api.Supervisors.Connection',{{function_clause,[{amqp_gen_connection,terminate,[{badarg,[{erlang,byte_size,[nil],[]},{amqp_auth_mechanisms,plain,3,[]},{amqp_network_connection,login,3,[{file,"/app/deps/amqp_client/src/amqp_network_connection.erl"},{line,277}]},{amqp_network_connection,network_handshake,2,[{file,"/app/deps/amqp_client/src/amqp_network_connection.erl"},{line,204}]},...]},...],...},...]},...}}}}},...} in application_master:init/4 line 138
2020-04-26 07:50:17.220 [error] <0.449.0>@amqp_gen_connection:terminate:242 gen_server <0.449.0> terminated with reason: no function clause matching amqp_gen_connection:terminate({badarg,[{erlang,byte_size,[nil],[]},{amqp_auth_mechanisms,plain,3,[]},{amqp_network_connection,...},...]}, {<0.448.0>,{amqp_params_network,nil,<<"Juj+dvyRXuGUqnw+n7dAPsKxyzLxCZP3nKQz7acjEsylsIcybflrbnemwWs...">>,...}}) line 242
2020-04-26 07:50:17.277 [error] <0.449.0>@amqp_gen_connection:terminate:242 CRASH REPORT Process <0.449.0> with 0 neighbours crashed with reason: no function clause matching amqp_gen_connection:terminate({badarg,[{erlang,byte_size,[nil],[]},{amqp_auth_mechanisms,plain,3,[]},{amqp_network_connection,...},...]}, {<0.448.0>,{amqp_params_network,nil,<<"Juj+dvyRXuGUqnw+n7dAPsKxyzLxCZP3nKQz7acjEsylsIcybflrbnemwWs...">>,...}}) line 242
2020-04-26 07:50:17.279 [error] <0.447.0>@amqp_gen_connection:terminate:242 Supervisor {<0.447.0>,amqp_connection_sup} had child connection started with amqp_gen_connection:start_link(<0.448.0>, {amqp_params_network,nil,<<"Juj+dvyRXuGUqnw+n7dAPsKxyzLxCZP3nKQz7acjEsylsIcybflrbnemwWsi9JoM">>,...}) at <0.449.0> exit with reason no function clause matching amqp_gen_connection:terminate({badarg,[{erlang,byte_size,[nil],[]},{amqp_auth_mechanisms,plain,3,[]},{amqp_network_connection,...},...]}, {<0.448.0>,{amqp_params_network,nil,<<"Juj+dvyRXuGUqnw+n7dAPsKxyzLxCZP3nKQz7acjEsylsIcybflrbnemwWs...">>,...}}) line 242 in context child_terminated
2020-04-26 07:50:17.280 [error] <0.447.0> Supervisor {<0.447.0>,amqp_connection_sup} had child connection started with amqp_gen_connection:start_link(<0.448.0>, {amqp_params_network,nil,<<"Juj+dvyRXuGUqnw+n7dAPsKxyzLxCZP3nKQz7acjEsylsIcybflrbnemwWsi9JoM">>,...}) at <0.449.0> exit with reason reached_max_restart_intensity in context shutdown
2020-04-26 07:50:17.282 [error] <0.446.0> CRASH REPORT Process <0.446.0> with 0 neighbours exited with reason: {{function_clause,[{amqp_gen_connection,terminate,[{badarg,[{erlang,byte_size,[nil],[]},{amqp_auth_mechanisms,plain,3,[]},{amqp_network_connection,login,3,[{file,"/app/deps/amqp_client/src/amqp_network_connection.erl"},{line,277}]},{amqp_network_connection,network_handshake,2,[{file,"/app/deps/amqp_client/src/amqp_network_connection.erl"},{line,204}]},{amqp_network_connection,try_handshake,3,[{file,"/app/deps/amqp_client/src/amqp_network_connection.erl"},{line,184}]},{amqp_gen_connection,...},...]},...],...},...]},...} in gen_server:call/3 line 223
2020-04-26 07:50:17.285 [error] <0.445.0> Supervisor {<0.445.0>,'Elixir.Supervisor.Default'} had child 'Elixir.Api.Supervisors.Connection' started with 'Elixir.Api.Supervisors.Connection':start_link([]) at undefined exit with reason {{function_clause,[{amqp_gen_connection,terminate,[{badarg,[{erlang,byte_size,[nil],[]},{amqp_auth_mechanisms,plain,3,[]},{amqp_network_connection,login,3,[{file,"/app/deps/amqp_client/src/amqp_network_connection.erl"},{line,277}]},{amqp_network_connection,network_handshake,2,[{file,"/app/deps/amqp_client/src/amqp_network_connection.erl"},{line,204}]},{amqp_network_connection,try_handshake,3,[{file,"/app/deps/amqp_client/src/amqp_network_connection.erl"},{line,184}]},{amqp_gen_connection,...},...]},...],...},...]},...} in context start_error
2020-04-26 07:50:19.341 [info] <0.44.0> Application lager started on node nonode@nohost
2020-04-26 07:50:19.363 [info] <0.44.0> Application xmerl started on node nonode@nohost
2020-04-26 07:50:19.390 [info] <0.44.0> Application sasl started on node nonode@nohost
2020-04-26 07:50:19.406 [info] <0.44.0> Application tools started on node nonode@nohost
2020-04-26 07:50:19.412 [info] <0.44.0> Application jsx started on node nonode@nohost
2020-04-26 07:50:19.433 [info] <0.44.0> Application ranch started on node nonode@nohost
2020-04-26 07:50:19.445 [info] <0.44.0> Application recon started on node nonode@nohost
2020-04-26 07:50:19.490 [info] <0.44.0> Application credentials_obfuscation started on node nonode@nohost
2020-04-26 07:50:19.491 [info] <0.44.0> Application rabbit_common started on node nonode@nohost
2020-04-26 07:50:19.515 [info] <0.44.0> Application amqp_client started on node nonode@nohost
2020-04-26 07:50:19.521 [info] <0.44.0> Application amqp started on node nonode@nohost
2020-04-26 07:50:19.531 [info] <0.44.0> Application jason started on node nonode@nohost
2020-04-26 07:50:19.540 [info] <0.44.0> Application connection started on node nonode@nohost
2020-04-26 07:50:19.546 [info] <0.44.0> Application decimal started on node nonode@nohost
2020-04-26 07:50:19.564 [info] <0.44.0> Application db_connection started on node nonode@nohost
2020-04-26 07:50:19.588 [info] <0.44.0> Application postgrex started on node nonode@nohost
2020-04-26 07:50:19.601 [info] <0.44.0> Application ecto started on node nonode@nohost
2020-04-26 07:50:19.610 [info] <0.44.0> Application ecto_sql started on node nonode@nohost
2020-04-26 07:50:19.618 [info] <0.44.0> Application cowlib started on node nonode@nohost
2020-04-26 07:50:19.626 [info] <0.44.0> Application cowboy started on node nonode@nohost
2020-04-26 07:50:19.632 [info] <0.44.0> Application plug_cowboy started on node nonode@nohost
2020-04-26 07:50:19.640 [info] <0.44.0> Application phoenix_ecto started on node nonode@nohost
2020-04-26 07:50:20.166 [error] <0.525.0>@amqp_gen_connection:terminate:242 gen_server <0.525.0> terminated with reason: no function clause matching amqp_gen_connection:terminate({badarg,[{erlang,byte_size,[nil],[]},{amqp_auth_mechanisms,plain,3,[]},{amqp_network_connection,...},...]}, {<0.524.0>,{amqp_params_network,nil,<<"2AB67N1LzNZHugMenYDLnDLccc7mwyLLknJNMD6sYc8XeLgQ+SPokmg3UTQ...">>,...}}) line 242
2020-04-26 07:50:20.212 [error] <0.525.0>@amqp_gen_connection:terminate:242 CRASH REPORT Process <0.525.0> with 0 neighbours crashed with reason: no function clause matching amqp_gen_connection:terminate({badarg,[{erlang,byte_size,[nil],[]},{amqp_auth_mechanisms,plain,3,[]},{amqp_network_connection,...},...]}, {<0.524.0>,{amqp_params_network,nil,<<"2AB67N1LzNZHugMenYDLnDLccc7mwyLLknJNMD6sYc8XeLgQ+SPokmg3UTQ...">>,...}}) line 242
2020-04-26 07:50:20.217 [error] <0.523.0>@amqp_gen_connection:terminate:242 Supervisor {<0.523.0>,amqp_connection_sup} had child connection started with amqp_gen_connection:start_link(<0.524.0>, {amqp_params_network,nil,<<"2AB67N1LzNZHugMenYDLnDLccc7mwyLLknJNMD6sYc8XeLgQ+SPokmg3UTQM7F0s">>,...}) at <0.525.0> exit with reason no function clause matching amqp_gen_connection:terminate({badarg,[{erlang,byte_size,[nil],[]},{amqp_auth_mechanisms,plain,3,[]},{amqp_network_connection,...},...]}, {<0.524.0>,{amqp_params_network,nil,<<"2AB67N1LzNZHugMenYDLnDLccc7mwyLLknJNMD6sYc8XeLgQ+SPokmg3UTQ...">>,...}}) line 242 in context child_terminated
2020-04-26 07:50:20.217 [error] <0.523.0> Supervisor {<0.523.0>,amqp_connection_sup} had child connection started with amqp_gen_connection:start_link(<0.524.0>, {amqp_params_network,nil,<<"2AB67N1LzNZHugMenYDLnDLccc7mwyLLknJNMD6sYc8XeLgQ+SPokmg3UTQM7F0s">>,...}) at <0.525.0> exit with reason reached_max_restart_intensity in context shutdown
2020-04-26 07:50:20.218 [error] <0.521.0> Supervisor {<0.521.0>,'Elixir.Supervisor.Default'} had child 'Elixir.Api.Supervisors.Connection' started with 'Elixir.Api.Supervisors.Connection':start_link([]) at undefined exit with reason {{function_clause,[{amqp_gen_connection,terminate,[{badarg,[{erlang,byte_size,[nil],[]},{amqp_auth_mechanisms,plain,3,[]},{amqp_network_connection,login,3,[{file,"/app/deps/amqp_client/src/amqp_network_connection.erl"},{line,277}]},{amqp_network_connection,network_handshake,2,[{file,"/app/deps/amqp_client/src/amqp_network_connection.erl"},{line,204}]},{amqp_network_connection,try_handshake,3,[{file,"/app/deps/amqp_client/src/amqp_network_connection.erl"},{line,184}]},{amqp_gen_connection,...},...]},...],...},...]},...} in context start_error
2020-04-26 07:50:20.219 [error] <0.387.0> Supervisor 'Elixir.Api.Supervisor' had child 'Elixir.Api.Supervisors.Supervisor' started with 'Elixir.Api.Supervisors.Supervisor':start_link([]) at undefined exit with reason {shutdown,{failed_to_start_child,'Elixir.Api.Supervisors.Connection',{{function_clause,[{amqp_gen_connection,terminate,[{badarg,[{erlang,byte_size,[nil],[]},{amqp_auth_mechanisms,plain,3,[]},{amqp_network_connection,login,3,[{file,"/app/deps/amqp_client/src/amqp_network_connection.erl"},{line,277}]},{amqp_network_connection,network_handshake,2,[{file,"/app/deps/amqp_client/src/amqp_network_connection.erl"},{line,204}]},{amqp_network_connection,try_handshake,3,[{file,"/app/deps/amqp_clien..."},...]},...]},...],...},...]},...}}} in context start_error
2020-04-26 07:50:20.222 [error] <0.385.0> CRASH REPORT Process <0.385.0> with 0 neighbours exited with reason: {{shutdown,{failed_to_start_child,'Elixir.Api.Supervisors.Supervisor',{shutdown,{failed_to_start_child,'Elixir.Api.Supervisors.Connection',{{function_clause,[{amqp_gen_connection,terminate,[{badarg,[{erlang,byte_size,[nil],[]},{amqp_auth_mechanisms,plain,3,[]},{amqp_network_connection,login,3,[{file,"/app/deps/amqp_client/src/amqp_network_connection.erl"},{line,277}]},{amqp_network_connection,network_handshake,2,[{file,"/app/deps/amqp_client/src/amqp_network_connection.erl"},{line,204}]},...]},...],...},...]},...}}}}},...} in application_master:init/4 line 138
2020-04-26 07:57:55.586 [info] <0.44.0> Application lager started on node nonode@nohost
2020-04-26 07:57:55.631 [info] <0.44.0> Application xmerl started on node nonode@nohost
2020-04-26 07:57:55.782 [info] <0.44.0> Application sasl started on node nonode@nohost
2020-04-26 07:57:55.804 [info] <0.44.0> Application tools started on node nonode@nohost
2020-04-26 07:57:55.814 [info] <0.44.0> Application jsx started on node nonode@nohost
2020-04-26 07:57:55.845 [info] <0.44.0> Application ranch started on node nonode@nohost
2020-04-26 07:57:55.866 [info] <0.44.0> Application recon started on node nonode@nohost
2020-04-26 07:57:56.011 [info] <0.44.0> Application credentials_obfuscation started on node nonode@nohost
2020-04-26 07:57:56.015 [info] <0.44.0> Application rabbit_common started on node nonode@nohost
2020-04-26 07:57:56.046 [info] <0.44.0> Application amqp_client started on node nonode@nohost
2020-04-26 07:57:56.054 [info] <0.44.0> Application amqp started on node nonode@nohost
2020-04-26 07:57:56.074 [info] <0.44.0> Application jason started on node nonode@nohost
2020-04-26 07:57:56.112 [info] <0.44.0> Application connection started on node nonode@nohost
2020-04-26 07:57:56.129 [info] <0.44.0> Application decimal started on node nonode@nohost
2020-04-26 07:57:56.200 [info] <0.44.0> Application db_connection started on node nonode@nohost
2020-04-26 07:57:56.305 [info] <0.44.0> Application postgrex started on node nonode@nohost
2020-04-26 07:57:56.358 [info] <0.44.0> Application ecto started on node nonode@nohost
2020-04-26 07:57:56.370 [info] <0.44.0> Application ecto_sql started on node nonode@nohost
2020-04-26 07:57:56.395 [info] <0.44.0> Application cowlib started on node nonode@nohost
2020-04-26 07:57:56.431 [info] <0.44.0> Application cowboy started on node nonode@nohost
2020-04-26 07:57:56.443 [info] <0.44.0> Application plug_cowboy started on node nonode@nohost
2020-04-26 07:57:56.455 [info] <0.44.0> Application phoenix_ecto started on node nonode@nohost
2020-04-26 07:58:07.882 [error] <0.452.0>@amqp_gen_connection:terminate:242 gen_server <0.452.0> terminated with reason: no function clause matching amqp_gen_connection:terminate({badarg,[{erlang,byte_size,[nil],[]},{amqp_auth_mechanisms,plain,3,[]},{amqp_network_connection,...},...]}, {<0.451.0>,{amqp_params_network,nil,<<"4HdWJ6Ex2S4q1LYCE8Q31FpWlkqd2GtPZelqjWunmcRnAiQcME//j2A50yV...">>,...}}) line 242
2020-04-26 07:58:07.999 [error] <0.452.0>@amqp_gen_connection:terminate:242 CRASH REPORT Process <0.452.0> with 0 neighbours crashed with reason: no function clause matching amqp_gen_connection:terminate({badarg,[{erlang,byte_size,[nil],[]},{amqp_auth_mechanisms,plain,3,[]},{amqp_network_connection,...},...]}, {<0.451.0>,{amqp_params_network,nil,<<"4HdWJ6Ex2S4q1LYCE8Q31FpWlkqd2GtPZelqjWunmcRnAiQcME//j2A50yV...">>,...}}) line 242
2020-04-26 07:58:08.011 [error] <0.450.0>@amqp_gen_connection:terminate:242 Supervisor {<0.450.0>,amqp_connection_sup} had child connection started with amqp_gen_connection:start_link(<0.451.0>, {amqp_params_network,nil,<<"4HdWJ6Ex2S4q1LYCE8Q31FpWlkqd2GtPZelqjWunmcRnAiQcME//j2A50yVvO0VI">>,...}) at <0.452.0> exit with reason no function clause matching amqp_gen_connection:terminate({badarg,[{erlang,byte_size,[nil],[]},{amqp_auth_mechanisms,plain,3,[]},{amqp_network_connection,...},...]}, {<0.451.0>,{amqp_params_network,nil,<<"4HdWJ6Ex2S4q1LYCE8Q31FpWlkqd2GtPZelqjWunmcRnAiQcME//j2A50yV...">>,...}}) line 242 in context child_terminated
2020-04-26 07:58:08.021 [error] <0.450.0> Supervisor {<0.450.0>,amqp_connection_sup} had child connection started with amqp_gen_connection:start_link(<0.451.0>, {amqp_params_network,nil,<<"4HdWJ6Ex2S4q1LYCE8Q31FpWlkqd2GtPZelqjWunmcRnAiQcME//j2A50yVvO0VI">>,...}) at <0.452.0> exit with reason reached_max_restart_intensity in context shutdown
2020-04-26 07:58:08.035 [error] <0.419.0> CRASH REPORT Process <0.419.0> with 0 neighbours exited with reason: {{function_clause,[{amqp_gen_connection,terminate,[{badarg,[{erlang,byte_size,[nil],[]},{amqp_auth_mechanisms,plain,3,[]},{amqp_network_connection,login,3,[{file,"/app/deps/amqp_client/src/amqp_network_connection.erl"},{line,277}]},{amqp_network_connection,network_handshake,2,[{file,"/app/deps/amqp_client/src/amqp_network_connection.erl"},{line,204}]},{amqp_network_connection,try_handshake,3,[{file,"/app/deps/amqp_client/src/amqp_network_connection.erl"},{line,184}]},{amqp_gen_connection,...},...]},...],...},...]},...} in gen_server:call/3 line 223
2020-04-26 07:58:08.035 [error] <0.418.0> Supervisor {<0.418.0>,'Elixir.Supervisor.Default'} had child 'Elixir.Api.Supervisors.Connection' started with 'Elixir.Api.Supervisors.Connection':start_link([]) at undefined exit with reason {{function_clause,[{amqp_gen_connection,terminate,[{badarg,[{erlang,byte_size,[nil],[]},{amqp_auth_mechanisms,plain,3,[]},{amqp_network_connection,login,3,[{file,"/app/deps/amqp_client/src/amqp_network_connection.erl"},{line,277}]},{amqp_network_connection,network_handshake,2,[{file,"/app/deps/amqp_client/src/amqp_network_connection.erl"},{line,204}]},{amqp_network_connection,try_handshake,3,[{file,"/app/deps/amqp_client/src/amqp_network_connection.erl"},{line,184}]},{amqp_gen_connection,...},...]},...],...},...]},...} in context start_error
2020-04-26 07:58:08.036 [error] <0.387.0> Supervisor 'Elixir.Api.Supervisor' had child 'Elixir.Api.Supervisors.Supervisor' started with 'Elixir.Api.Supervisors.Supervisor':start_link([]) at undefined exit with reason {shutdown,{failed_to_start_child,'Elixir.Api.Supervisors.Connection',{{function_clause,[{amqp_gen_connection,terminate,[{badarg,[{erlang,byte_size,[nil],[]},{amqp_auth_mechanisms,plain,3,[]},{amqp_network_connection,login,3,[{file,"/app/deps/amqp_client/src/amqp_network_connection.erl"},{line,277}]},{amqp_network_connection,network_handshake,2,[{file,"/app/deps/amqp_client/src/amqp_network_connection.erl"},{line,204}]},{amqp_network_connection,try_handshake,3,[{file,"/app/deps/amqp_clien..."},...]},...]},...],...},...]},...}}} in context start_error
2020-04-26 07:58:08.044 [error] <0.385.0> CRASH REPORT Process <0.385.0> with 0 neighbours exited with reason: {{shutdown,{failed_to_start_child,'Elixir.Api.Supervisors.Supervisor',{shutdown,{failed_to_start_child,'Elixir.Api.Supervisors.Connection',{{function_clause,[{amqp_gen_connection,terminate,[{badarg,[{erlang,byte_size,[nil],[]},{amqp_auth_mechanisms,plain,3,[]},{amqp_network_connection,login,3,[{file,"/app/deps/amqp_client/src/amqp_network_connection.erl"},{line,277}]},{amqp_network_connection,network_handshake,2,[{file,"/app/deps/amqp_client/src/amqp_network_connection.erl"},{line,204}]},...]},...],...},...]},...}}}}},...} in application_master:init/4 line 138
2020-04-26 07:58:13.844 [error] <0.444.0>@amqp_gen_connection:terminate:242 gen_server <0.444.0> terminated with reason: no function clause matching amqp_gen_connection:terminate({badarg,[{erlang,byte_size,[nil],[]},{amqp_auth_mechanisms,plain,3,[]},{amqp_network_connection,...},...]}, {<0.443.0>,{amqp_params_network,nil,<<"3+47uEupunk47mn69XBI5Z+Sk5lGcbrroWj3UFW6ZgpFy8T5vuutmxtIPEw...">>,...}}) line 242
2020-04-26 07:58:13.866 [error] <0.444.0>@amqp_gen_connection:terminate:242 CRASH REPORT Process <0.444.0> with 0 neighbours crashed with reason: no function clause matching amqp_gen_connection:terminate({badarg,[{erlang,byte_size,[nil],[]},{amqp_auth_mechanisms,plain,3,[]},{amqp_network_connection,...},...]}, {<0.443.0>,{amqp_params_network,nil,<<"3+47uEupunk47mn69XBI5Z+Sk5lGcbrroWj3UFW6ZgpFy8T5vuutmxtIPEw...">>,...}}) line 242
2020-04-26 07:58:13.867 [error] <0.442.0>@amqp_gen_connection:terminate:242 Supervisor {<0.442.0>,amqp_connection_sup} had child connection started with amqp_gen_connection:start_link(<0.443.0>, {amqp_params_network,nil,<<"3+47uEupunk47mn69XBI5Z+Sk5lGcbrroWj3UFW6ZgpFy8T5vuutmxtIPEwhf2/G">>,...}) at <0.444.0> exit with reason no function clause matching amqp_gen_connection:terminate({badarg,[{erlang,byte_size,[nil],[]},{amqp_auth_mechanisms,plain,3,[]},{amqp_network_connection,...},...]}, {<0.443.0>,{amqp_params_network,nil,<<"3+47uEupunk47mn69XBI5Z+Sk5lGcbrroWj3UFW6ZgpFy8T5vuutmxtIPEw...">>,...}}) line 242 in context child_terminated
2020-04-26 07:58:13.872 [error] <0.442.0> Supervisor {<0.442.0>,amqp_connection_sup} had child connection started with amqp_gen_connection:start_link(<0.443.0>, {amqp_params_network,nil,<<"3+47uEupunk47mn69XBI5Z+Sk5lGcbrroWj3UFW6ZgpFy8T5vuutmxtIPEwhf2/G">>,...}) at <0.444.0> exit with reason reached_max_restart_intensity in context shutdown
2020-04-26 07:58:13.873 [error] <0.441.0> CRASH REPORT Process <0.441.0> with 0 neighbours exited with reason: {{function_clause,[{amqp_gen_connection,terminate,[{badarg,[{erlang,byte_size,[nil],[]},{amqp_auth_mechanisms,plain,3,[]},{amqp_network_connection,login,3,[{file,"/app/deps/amqp_client/src/amqp_network_connection.erl"},{line,277}]},{amqp_network_connection,network_handshake,2,[{file,"/app/deps/amqp_client/src/amqp_network_connection.erl"},{line,204}]},{amqp_network_connection,try_handshake,3,[{file,"/app/deps/amqp_client/src/amqp_network_connection.erl"},{line,184}]},{amqp_gen_connection,...},...]},...],...},...]},...} in gen_server:call/3 line 223
2020-04-26 07:58:15.836 [info] <0.44.0> Application lager started on node nonode@nohost
2020-04-26 07:58:15.853 [info] <0.44.0> Application xmerl started on node nonode@nohost
2020-04-26 07:58:15.876 [info] <0.44.0> Application sasl started on node nonode@nohost
2020-04-26 07:58:15.889 [info] <0.44.0> Application tools started on node nonode@nohost
2020-04-26 07:58:15.895 [info] <0.44.0> Application jsx started on node nonode@nohost
2020-04-26 07:58:15.915 [info] <0.44.0> Application ranch started on node nonode@nohost
2020-04-26 07:58:15.919 [info] <0.44.0> Application recon started on node nonode@nohost
2020-04-26 07:58:15.956 [info] <0.44.0> Application credentials_obfuscation started on node nonode@nohost
2020-04-26 07:58:15.957 [info] <0.44.0> Application rabbit_common started on node nonode@nohost
2020-04-26 07:58:15.976 [info] <0.44.0> Application amqp_client started on node nonode@nohost
2020-04-26 07:58:15.981 [info] <0.44.0> Application amqp started on node nonode@nohost
2020-04-26 07:58:15.987 [info] <0.44.0> Application jason started on node nonode@nohost
2020-04-26 07:58:15.993 [info] <0.44.0> Application connection started on node nonode@nohost
2020-04-26 07:58:15.997 [info] <0.44.0> Application decimal started on node nonode@nohost
2020-04-26 07:58:16.023 [info] <0.44.0> Application db_connection started on node nonode@nohost
2020-04-26 07:58:16.044 [info] <0.44.0> Application postgrex started on node nonode@nohost
2020-04-26 07:58:16.058 [info] <0.44.0> Application ecto started on node nonode@nohost
2020-04-26 07:58:16.062 [info] <0.44.0> Application ecto_sql started on node nonode@nohost
2020-04-26 07:58:16.081 [info] <0.44.0> Application cowlib started on node nonode@nohost
2020-04-26 07:58:16.093 [info] <0.44.0> Application cowboy started on node nonode@nohost
2020-04-26 07:58:16.096 [info] <0.44.0> Application plug_cowboy started on node nonode@nohost
2020-04-26 07:58:16.102 [info] <0.44.0> Application phoenix_ecto started on node nonode@nohost
2020-04-26 07:58:16.606 [error] <0.525.0>@amqp_gen_connection:terminate:242 gen_server <0.525.0> terminated with reason: no function clause matching amqp_gen_connection:terminate({badarg,[{erlang,byte_size,[nil],[]},{amqp_auth_mechanisms,plain,3,[]},{amqp_network_connection,...},...]}, {<0.524.0>,{amqp_params_network,nil,<<"8HYGru1YXYgLFU5+MOcltXn2KbNBrZXhigntm7VAOYuwqpkT8pMM/yGcSeD...">>,...}}) line 242
2020-04-26 07:58:16.632 [error] <0.525.0>@amqp_gen_connection:terminate:242 CRASH REPORT Process <0.525.0> with 0 neighbours crashed with reason: no function clause matching amqp_gen_connection:terminate({badarg,[{erlang,byte_size,[nil],[]},{amqp_auth_mechanisms,plain,3,[]},{amqp_network_connection,...},...]}, {<0.524.0>,{amqp_params_network,nil,<<"8HYGru1YXYgLFU5+MOcltXn2KbNBrZXhigntm7VAOYuwqpkT8pMM/yGcSeD...">>,...}}) line 242
2020-04-26 07:58:16.638 [error] <0.523.0>@amqp_gen_connection:terminate:242 Supervisor {<0.523.0>,amqp_connection_sup} had child connection started with amqp_gen_connection:start_link(<0.524.0>, {amqp_params_network,nil,<<"8HYGru1YXYgLFU5+MOcltXn2KbNBrZXhigntm7VAOYuwqpkT8pMM/yGcSeDB8DvO">>,...}) at <0.525.0> exit with reason no function clause matching amqp_gen_connection:terminate({badarg,[{erlang,byte_size,[nil],[]},{amqp_auth_mechanisms,plain,3,[]},{amqp_network_connection,...},...]}, {<0.524.0>,{amqp_params_network,nil,<<"8HYGru1YXYgLFU5+MOcltXn2KbNBrZXhigntm7VAOYuwqpkT8pMM/yGcSeD...">>,...}}) line 242 in context child_terminated
2020-04-26 07:58:16.639 [error] <0.523.0> Supervisor {<0.523.0>,amqp_connection_sup} had child connection started with amqp_gen_connection:start_link(<0.524.0>, {amqp_params_network,nil,<<"8HYGru1YXYgLFU5+MOcltXn2KbNBrZXhigntm7VAOYuwqpkT8pMM/yGcSeDB8DvO">>,...}) at <0.525.0> exit with reason reached_max_restart_intensity in context shutdown
2020-04-26 07:58:16.640 [error] <0.521.0> Supervisor {<0.521.0>,'Elixir.Supervisor.Default'} had child 'Elixir.Api.Supervisors.Connection' started with 'Elixir.Api.Supervisors.Connection':start_link([]) at undefined exit with reason {{function_clause,[{amqp_gen_connection,terminate,[{badarg,[{erlang,byte_size,[nil],[]},{amqp_auth_mechanisms,plain,3,[]},{amqp_network_connection,login,3,[{file,"/app/deps/amqp_client/src/amqp_network_connection.erl"},{line,277}]},{amqp_network_connection,network_handshake,2,[{file,"/app/deps/amqp_client/src/amqp_network_connection.erl"},{line,204}]},{amqp_network_connection,try_handshake,3,[{file,"/app/deps/amqp_client/src/amqp_network_connection.erl"},{line,184}]},{amqp_gen_connection,...},...]},...],...},...]},...} in context start_error
2020-04-26 07:58:16.640 [error] <0.387.0> Supervisor 'Elixir.Api.Supervisor' had child 'Elixir.Api.Supervisors.Supervisor' started with 'Elixir.Api.Supervisors.Supervisor':start_link([]) at undefined exit with reason {shutdown,{failed_to_start_child,'Elixir.Api.Supervisors.Connection',{{function_clause,[{amqp_gen_connection,terminate,[{badarg,[{erlang,byte_size,[nil],[]},{amqp_auth_mechanisms,plain,3,[]},{amqp_network_connection,login,3,[{file,"/app/deps/amqp_client/src/amqp_network_connection.erl"},{line,277}]},{amqp_network_connection,network_handshake,2,[{file,"/app/deps/amqp_client/src/amqp_network_connection.erl"},{line,204}]},{amqp_network_connection,try_handshake,3,[{file,"/app/deps/amqp_clien..."},...]},...]},...],...},...]},...}}} in context start_error
2020-04-26 07:58:16.649 [error] <0.385.0> CRASH REPORT Process <0.385.0> with 0 neighbours exited with reason: {{shutdown,{failed_to_start_child,'Elixir.Api.Supervisors.Supervisor',{shutdown,{failed_to_start_child,'Elixir.Api.Supervisors.Connection',{{function_clause,[{amqp_gen_connection,terminate,[{badarg,[{erlang,byte_size,[nil],[]},{amqp_auth_mechanisms,plain,3,[]},{amqp_network_connection,login,3,[{file,"/app/deps/amqp_client/src/amqp_network_connection.erl"},{line,277}]},{amqp_network_connection,network_handshake,2,[{file,"/app/deps/amqp_client/src/amqp_network_connection.erl"},{line,204}]},...]},...],...},...]},...}}}}},...} in application_master:init/4 line 138
2020-04-26 08:00:09.778 [info] <0.44.0> Application lager started on node nonode@nohost
2020-04-26 08:00:09.834 [info] <0.44.0> Application xmerl started on node nonode@nohost
2020-04-26 08:00:09.966 [info] <0.44.0> Application sasl started on node nonode@nohost
2020-04-26 08:00:09.998 [info] <0.44.0> Application tools started on node nonode@nohost
2020-04-26 08:00:10.019 [info] <0.44.0> Application jsx started on node nonode@nohost
2020-04-26 08:00:10.084 [info] <0.44.0> Application ranch started on node nonode@nohost
2020-04-26 08:00:10.106 [info] <0.44.0> Application recon started on node nonode@nohost
2020-04-26 08:00:10.277 [info] <0.44.0> Application credentials_obfuscation started on node nonode@nohost
2020-04-26 08:00:10.286 [info] <0.44.0> Application rabbit_common started on node nonode@nohost
2020-04-26 08:00:10.359 [info] <0.44.0> Application amqp_client started on node nonode@nohost
2020-04-26 08:00:10.392 [info] <0.44.0> Application amqp started on node nonode@nohost
2020-04-26 08:00:10.412 [info] <0.44.0> Application jason started on node nonode@nohost
2020-04-26 08:00:10.466 [info] <0.44.0> Application connection started on node nonode@nohost
2020-04-26 08:00:10.513 [info] <0.44.0> Application decimal started on node nonode@nohost
2020-04-26 08:00:10.636 [info] <0.44.0> Application db_connection started on node nonode@nohost
2020-04-26 08:00:10.795 [info] <0.44.0> Application postgrex started on node nonode@nohost
2020-04-26 08:00:10.874 [info] <0.44.0> Application ecto started on node nonode@nohost
2020-04-26 08:00:10.887 [info] <0.44.0> Application ecto_sql started on node nonode@nohost
2020-04-26 08:00:10.953 [info] <0.44.0> Application cowlib started on node nonode@nohost
2020-04-26 08:00:10.983 [info] <0.44.0> Application cowboy started on node nonode@nohost
2020-04-26 08:00:11.020 [info] <0.44.0> Application plug_cowboy started on node nonode@nohost
2020-04-26 08:00:11.092 [info] <0.44.0> Application phoenix_ecto started on node nonode@nohost
2020-04-26 08:00:23.827 [error] <0.455.0>@amqp_gen_connection:terminate:242 gen_server <0.455.0> terminated with reason: no function clause matching amqp_gen_connection:terminate({badarg,[{erlang,byte_size,[nil],[]},{amqp_auth_mechanisms,plain,3,[]},{amqp_network_connection,...},...]}, {<0.454.0>,{amqp_params_network,nil,<<"ZNzvQ2akBEgZpPtWlsZZqJV1ho1mTHV1pjz4/K7cP7Lh5tCwZUhs2c+butt...">>,...}}) line 242
2020-04-26 08:00:23.935 [error] <0.455.0>@amqp_gen_connection:terminate:242 CRASH REPORT Process <0.455.0> with 0 neighbours crashed with reason: no function clause matching amqp_gen_connection:terminate({badarg,[{erlang,byte_size,[nil],[]},{amqp_auth_mechanisms,plain,3,[]},{amqp_network_connection,...},...]}, {<0.454.0>,{amqp_params_network,nil,<<"ZNzvQ2akBEgZpPtWlsZZqJV1ho1mTHV1pjz4/K7cP7Lh5tCwZUhs2c+butt...">>,...}}) line 242
2020-04-26 08:00:23.940 [error] <0.453.0>@amqp_gen_connection:terminate:242 Supervisor {<0.453.0>,amqp_connection_sup} had child connection started with amqp_gen_connection:start_link(<0.454.0>, {amqp_params_network,nil,<<"ZNzvQ2akBEgZpPtWlsZZqJV1ho1mTHV1pjz4/K7cP7Lh5tCwZUhs2c+buttjvXqs">>,...}) at <0.455.0> exit with reason no function clause matching amqp_gen_connection:terminate({badarg,[{erlang,byte_size,[nil],[]},{amqp_auth_mechanisms,plain,3,[]},{amqp_network_connection,...},...]}, {<0.454.0>,{amqp_params_network,nil,<<"ZNzvQ2akBEgZpPtWlsZZqJV1ho1mTHV1pjz4/K7cP7Lh5tCwZUhs2c+butt...">>,...}}) line 242 in context child_terminated
2020-04-26 08:00:23.941 [error] <0.453.0> Supervisor {<0.453.0>,amqp_connection_sup} had child connection started with amqp_gen_connection:start_link(<0.454.0>, {amqp_params_network,nil,<<"ZNzvQ2akBEgZpPtWlsZZqJV1ho1mTHV1pjz4/K7cP7Lh5tCwZUhs2c+buttjvXqs">>,...}) at <0.455.0> exit with reason reached_max_restart_intensity in context shutdown
2020-04-26 08:00:23.952 [error] <0.419.0> CRASH REPORT Process <0.419.0> with 0 neighbours exited with reason: {{function_clause,[{amqp_gen_connection,terminate,[{badarg,[{erlang,byte_size,[nil],[]},{amqp_auth_mechanisms,plain,3,[]},{amqp_network_connection,login,3,[{file,"/app/deps/amqp_client/src/amqp_network_connection.erl"},{line,277}]},{amqp_network_connection,network_handshake,2,[{file,"/app/deps/amqp_client/src/amqp_network_connection.erl"},{line,204}]},{amqp_network_connection,try_handshake,3,[{file,"/app/deps/amqp_client/src/amqp_network_connection.erl"},{line,184}]},{amqp_gen_connection,...},...]},...],...},...]},...} in gen_server:call/3 line 223
2020-04-26 08:00:23.953 [error] <0.418.0> Supervisor {<0.418.0>,'Elixir.Supervisor.Default'} had child 'Elixir.Api.Supervisors.Connection' started with 'Elixir.Api.Supervisors.Connection':start_link([]) at undefined exit with reason {{function_clause,[{amqp_gen_connection,terminate,[{badarg,[{erlang,byte_size,[nil],[]},{amqp_auth_mechanisms,plain,3,[]},{amqp_network_connection,login,3,[{file,"/app/deps/amqp_client/src/amqp_network_connection.erl"},{line,277}]},{amqp_network_connection,network_handshake,2,[{file,"/app/deps/amqp_client/src/amqp_network_connection.erl"},{line,204}]},{amqp_network_connection,try_handshake,3,[{file,"/app/deps/amqp_client/src/amqp_network_connection.erl"},{line,184}]},{amqp_gen_connection,...},...]},...],...},...]},...} in context start_error
2020-04-26 08:00:23.961 [error] <0.387.0> Supervisor 'Elixir.Api.Supervisor' had child 'Elixir.Api.Supervisors.Supervisor' started with 'Elixir.Api.Supervisors.Supervisor':start_link([]) at undefined exit with reason {shutdown,{failed_to_start_child,'Elixir.Api.Supervisors.Connection',{{function_clause,[{amqp_gen_connection,terminate,[{badarg,[{erlang,byte_size,[nil],[]},{amqp_auth_mechanisms,plain,3,[]},{amqp_network_connection,login,3,[{file,"/app/deps/amqp_client/src/amqp_network_connection.erl"},{line,277}]},{amqp_network_connection,network_handshake,2,[{file,"/app/deps/amqp_client/src/amqp_network_connection.erl"},{line,204}]},{amqp_network_connection,try_handshake,3,[{file,"/app/deps/amqp_clien..."},...]},...]},...],...},...]},...}}} in context start_error
2020-04-26 08:00:23.984 [error] <0.385.0> CRASH REPORT Process <0.385.0> with 0 neighbours exited with reason: {{shutdown,{failed_to_start_child,'Elixir.Api.Supervisors.Supervisor',{shutdown,{failed_to_start_child,'Elixir.Api.Supervisors.Connection',{{function_clause,[{amqp_gen_connection,terminate,[{badarg,[{erlang,byte_size,[nil],[]},{amqp_auth_mechanisms,plain,3,[]},{amqp_network_connection,login,3,[{file,"/app/deps/amqp_client/src/amqp_network_connection.erl"},{line,277}]},{amqp_network_connection,network_handshake,2,[{file,"/app/deps/amqp_client/src/amqp_network_connection.erl"},{line,204}]},...]},...],...},...]},...}}}}},...} in application_master:init/4 line 138
2020-04-26 08:00:29.693 [error] <0.444.0>@amqp_gen_connection:terminate:242 gen_server <0.444.0> terminated with reason: no function clause matching amqp_gen_connection:terminate({badarg,[{erlang,byte_size,[nil],[]},{amqp_auth_mechanisms,plain,3,[]},{amqp_network_connection,...},...]}, {<0.443.0>,{amqp_params_network,nil,<<"JmRZ914ZltyOkEacnJCL8TaPHBZqQpmQx50Mlsrw5RHkw6DLf6fMWjU+Vwq...">>,...}}) line 242
2020-04-26 08:00:29.732 [error] <0.444.0>@amqp_gen_connection:terminate:242 CRASH REPORT Process <0.444.0> with 0 neighbours crashed with reason: no function clause matching amqp_gen_connection:terminate({badarg,[{erlang,byte_size,[nil],[]},{amqp_auth_mechanisms,plain,3,[]},{amqp_network_connection,...},...]}, {<0.443.0>,{amqp_params_network,nil,<<"JmRZ914ZltyOkEacnJCL8TaPHBZqQpmQx50Mlsrw5RHkw6DLf6fMWjU+Vwq...">>,...}}) line 242
2020-04-26 08:00:29.734 [error] <0.442.0>@amqp_gen_connection:terminate:242 Supervisor {<0.442.0>,amqp_connection_sup} had child connection started with amqp_gen_connection:start_link(<0.443.0>, {amqp_params_network,nil,<<"JmRZ914ZltyOkEacnJCL8TaPHBZqQpmQx50Mlsrw5RHkw6DLf6fMWjU+Vwqq2ORo">>,...}) at <0.444.0> exit with reason no function clause matching amqp_gen_connection:terminate({badarg,[{erlang,byte_size,[nil],[]},{amqp_auth_mechanisms,plain,3,[]},{amqp_network_connection,...},...]}, {<0.443.0>,{amqp_params_network,nil,<<"JmRZ914ZltyOkEacnJCL8TaPHBZqQpmQx50Mlsrw5RHkw6DLf6fMWjU+Vwq...">>,...}}) line 242 in context child_terminated
2020-04-26 08:00:29.734 [error] <0.442.0> Supervisor {<0.442.0>,amqp_connection_sup} had child connection started with amqp_gen_connection:start_link(<0.443.0>, {amqp_params_network,nil,<<"JmRZ914ZltyOkEacnJCL8TaPHBZqQpmQx50Mlsrw5RHkw6DLf6fMWjU+Vwqq2ORo">>,...}) at <0.444.0> exit with reason reached_max_restart_intensity in context shutdown
2020-04-26 08:00:31.836 [info] <0.44.0> Application lager started on node nonode@nohost
2020-04-26 08:00:31.856 [info] <0.44.0> Application xmerl started on node nonode@nohost
2020-04-26 08:00:31.902 [info] <0.44.0> Application sasl started on node nonode@nohost
2020-04-26 08:00:31.915 [info] <0.44.0> Application tools started on node nonode@nohost
2020-04-26 08:00:31.923 [info] <0.44.0> Application jsx started on node nonode@nohost
2020-04-26 08:00:31.939 [info] <0.44.0> Application ranch started on node nonode@nohost
2020-04-26 08:00:31.948 [info] <0.44.0> Application recon started on node nonode@nohost
2020-04-26 08:00:31.998 [info] <0.44.0> Application credentials_obfuscation started on node nonode@nohost
2020-04-26 08:00:31.998 [info] <0.44.0> Application rabbit_common started on node nonode@nohost
2020-04-26 08:00:32.016 [info] <0.44.0> Application amqp_client started on node nonode@nohost
2020-04-26 08:00:32.022 [info] <0.44.0> Application amqp started on node nonode@nohost
2020-04-26 08:00:32.030 [info] <0.44.0> Application jason started on node nonode@nohost
2020-04-26 08:00:32.043 [info] <0.44.0> Application connection started on node nonode@nohost
2020-04-26 08:00:32.049 [info] <0.44.0> Application decimal started on node nonode@nohost
2020-04-26 08:00:32.072 [info] <0.44.0> Application db_connection started on node nonode@nohost
2020-04-26 08:00:32.101 [info] <0.44.0> Application postgrex started on node nonode@nohost
2020-04-26 08:00:32.115 [info] <0.44.0> Application ecto started on node nonode@nohost
2020-04-26 08:00:32.119 [info] <0.44.0> Application ecto_sql started on node nonode@nohost
2020-04-26 08:00:32.133 [info] <0.44.0> Application cowlib started on node nonode@nohost
2020-04-26 08:00:32.144 [info] <0.44.0> Application cowboy started on node nonode@nohost
2020-04-26 08:00:32.149 [info] <0.44.0> Application plug_cowboy started on node nonode@nohost
2020-04-26 08:00:32.152 [info] <0.44.0> Application phoenix_ecto started on node nonode@nohost
2020-04-26 08:00:32.649 [error] <0.525.0>@amqp_gen_connection:terminate:242 gen_server <0.525.0> terminated with reason: no function clause matching amqp_gen_connection:terminate({badarg,[{erlang,byte_size,[nil],[]},{amqp_auth_mechanisms,plain,3,[]},{amqp_network_connection,...},...]}, {<0.524.0>,{amqp_params_network,nil,<<"wVXbpL1iEg/gEkKvCmNQJa7o/OrTIjsGfI48Osg1PdDXgB32Nfbp8W9ZSNl...">>,...}}) line 242
2020-04-26 08:00:32.675 [error] <0.525.0>@amqp_gen_connection:terminate:242 CRASH REPORT Process <0.525.0> with 0 neighbours crashed with reason: no function clause matching amqp_gen_connection:terminate({badarg,[{erlang,byte_size,[nil],[]},{amqp_auth_mechanisms,plain,3,[]},{amqp_network_connection,...},...]}, {<0.524.0>,{amqp_params_network,nil,<<"wVXbpL1iEg/gEkKvCmNQJa7o/OrTIjsGfI48Osg1PdDXgB32Nfbp8W9ZSNl...">>,...}}) line 242
2020-04-26 08:00:32.677 [error] <0.523.0>@amqp_gen_connection:terminate:242 Supervisor {<0.523.0>,amqp_connection_sup} had child connection started with amqp_gen_connection:start_link(<0.524.0>, {amqp_params_network,nil,<<"wVXbpL1iEg/gEkKvCmNQJa7o/OrTIjsGfI48Osg1PdDXgB32Nfbp8W9ZSNlQx7mz">>,...}) at <0.525.0> exit with reason no function clause matching amqp_gen_connection:terminate({badarg,[{erlang,byte_size,[nil],[]},{amqp_auth_mechanisms,plain,3,[]},{amqp_network_connection,...},...]}, {<0.524.0>,{amqp_params_network,nil,<<"wVXbpL1iEg/gEkKvCmNQJa7o/OrTIjsGfI48Osg1PdDXgB32Nfbp8W9ZSNl...">>,...}}) line 242 in context child_terminated
2020-04-26 08:00:32.678 [error] <0.523.0> Supervisor {<0.523.0>,amqp_connection_sup} had child connection started with amqp_gen_connection:start_link(<0.524.0>, {amqp_params_network,nil,<<"wVXbpL1iEg/gEkKvCmNQJa7o/OrTIjsGfI48Osg1PdDXgB32Nfbp8W9ZSNlQx7mz">>,...}) at <0.525.0> exit with reason reached_max_restart_intensity in context shutdown
2020-04-26 08:00:32.680 [error] <0.522.0> CRASH REPORT Process <0.522.0> with 0 neighbours exited with reason: {{function_clause,[{amqp_gen_connection,terminate,[{badarg,[{erlang,byte_size,[nil],[]},{amqp_auth_mechanisms,plain,3,[]},{amqp_network_connection,login,3,[{file,"/app/deps/amqp_client/src/amqp_network_connection.erl"},{line,277}]},{amqp_network_connection,network_handshake,2,[{file,"/app/deps/amqp_client/src/amqp_network_connection.erl"},{line,204}]},{amqp_network_connection,try_handshake,3,[{file,"/app/deps/amqp_client/src/amqp_network_connection.erl"},{line,184}]},{amqp_gen_connection,...},...]},...],...},...]},...} in gen_server:call/3 line 223
2020-04-26 08:02:21.832 [info] <0.44.0> Application lager started on node nonode@nohost
2020-04-26 08:02:21.892 [info] <0.44.0> Application xmerl started on node nonode@nohost
2020-04-26 08:02:22.040 [info] <0.44.0> Application sasl started on node nonode@nohost
2020-04-26 08:02:22.077 [info] <0.44.0> Application tools started on node nonode@nohost
2020-04-26 08:02:22.096 [info] <0.44.0> Application jsx started on node nonode@nohost
2020-04-26 08:02:22.188 [info] <0.44.0> Application ranch started on node nonode@nohost
2020-04-26 08:02:22.224 [info] <0.44.0> Application recon started on node nonode@nohost
2020-04-26 08:02:22.409 [info] <0.44.0> Application credentials_obfuscation started on node nonode@nohost
2020-04-26 08:02:22.411 [info] <0.44.0> Application rabbit_common started on node nonode@nohost
2020-04-26 08:02:22.457 [info] <0.44.0> Application amqp_client started on node nonode@nohost
2020-04-26 08:02:22.480 [info] <0.44.0> Application amqp started on node nonode@nohost
2020-04-26 08:02:22.512 [info] <0.44.0> Application jason started on node nonode@nohost
2020-04-26 08:02:22.542 [info] <0.44.0> Application connection started on node nonode@nohost
2020-04-26 08:02:22.559 [info] <0.44.0> Application decimal started on node nonode@nohost
2020-04-26 08:02:22.625 [info] <0.44.0> Application db_connection started on node nonode@nohost
2020-04-26 08:02:22.713 [info] <0.44.0> Application postgrex started on node nonode@nohost
2020-04-26 08:02:22.764 [info] <0.44.0> Application ecto started on node nonode@nohost
2020-04-26 08:02:22.774 [info] <0.44.0> Application ecto_sql started on node nonode@nohost
2020-04-26 08:02:22.824 [info] <0.44.0> Application cowlib started on node nonode@nohost
2020-04-26 08:02:22.863 [info] <0.44.0> Application cowboy started on node nonode@nohost
2020-04-26 08:02:22.901 [info] <0.44.0> Application plug_cowboy started on node nonode@nohost
2020-04-26 08:02:22.967 [info] <0.44.0> Application phoenix_ecto started on node nonode@nohost
2020-04-26 08:02:46.368 [info] <0.44.0> Application lager started on node nonode@nohost
2020-04-26 08:02:46.384 [info] <0.44.0> Application xmerl started on node nonode@nohost
2020-04-26 08:02:46.411 [info] <0.44.0> Application sasl started on node nonode@nohost
2020-04-26 08:02:46.421 [info] <0.44.0> Application tools started on node nonode@nohost
2020-04-26 08:02:46.426 [info] <0.44.0> Application jsx started on node nonode@nohost
2020-04-26 08:02:46.441 [info] <0.44.0> Application ranch started on node nonode@nohost
2020-04-26 08:02:46.448 [info] <0.44.0> Application recon started on node nonode@nohost
2020-04-26 08:02:46.493 [info] <0.44.0> Application credentials_obfuscation started on node nonode@nohost
2020-04-26 08:02:46.493 [info] <0.44.0> Application rabbit_common started on node nonode@nohost
2020-04-26 08:02:46.511 [info] <0.44.0> Application amqp_client started on node nonode@nohost
2020-04-26 08:02:46.517 [info] <0.44.0> Application amqp started on node nonode@nohost
2020-04-26 08:02:46.521 [info] <0.44.0> Application jason started on node nonode@nohost
2020-04-26 08:02:46.535 [info] <0.44.0> Application connection started on node nonode@nohost
2020-04-26 08:02:46.543 [info] <0.44.0> Application decimal started on node nonode@nohost
2020-04-26 08:02:46.575 [info] <0.44.0> Application db_connection started on node nonode@nohost
2020-04-26 08:02:46.628 [info] <0.44.0> Application postgrex started on node nonode@nohost
2020-04-26 08:02:46.642 [info] <0.44.0> Application ecto started on node nonode@nohost
2020-04-26 08:02:46.656 [info] <0.44.0> Application ecto_sql started on node nonode@nohost
2020-04-26 08:02:46.671 [info] <0.44.0> Application cowlib started on node nonode@nohost
2020-04-26 08:02:46.678 [info] <0.44.0> Application cowboy started on node nonode@nohost
2020-04-26 08:02:46.696 [info] <0.44.0> Application plug_cowboy started on node nonode@nohost
2020-04-26 08:02:46.702 [info] <0.44.0> Application phoenix_ecto started on node nonode@nohost
2020-04-26 08:02:47.327 [info] <0.44.0> Application api started on node nonode@nohost
2020-04-26 08:03:37.648 [info] <0.44.0> Application lager started on node nonode@nohost
2020-04-26 08:03:37.668 [info] <0.44.0> Application xmerl started on node nonode@nohost
2020-04-26 08:03:37.704 [info] <0.44.0> Application sasl started on node nonode@nohost
2020-04-26 08:03:37.720 [info] <0.44.0> Application tools started on node nonode@nohost
2020-04-26 08:03:37.732 [info] <0.44.0> Application jsx started on node nonode@nohost
2020-04-26 08:03:37.750 [info] <0.44.0> Application ranch started on node nonode@nohost
2020-04-26 08:03:37.762 [info] <0.44.0> Application recon started on node nonode@nohost
2020-04-26 08:03:37.811 [info] <0.44.0> Application credentials_obfuscation started on node nonode@nohost
2020-04-26 08:03:37.811 [info] <0.44.0> Application rabbit_common started on node nonode@nohost
2020-04-26 08:03:37.834 [info] <0.44.0> Application amqp_client started on node nonode@nohost
2020-04-26 08:03:37.840 [info] <0.44.0> Application amqp started on node nonode@nohost
2020-04-26 08:03:37.847 [info] <0.44.0> Application jason started on node nonode@nohost
2020-04-26 08:03:37.857 [info] <0.44.0> Application connection started on node nonode@nohost
2020-04-26 08:03:37.862 [info] <0.44.0> Application decimal started on node nonode@nohost
2020-04-26 08:03:37.878 [info] <0.44.0> Application db_connection started on node nonode@nohost
2020-04-26 08:03:37.911 [info] <0.44.0> Application postgrex started on node nonode@nohost
2020-04-26 08:03:37.930 [info] <0.44.0> Application ecto started on node nonode@nohost
2020-04-26 08:03:37.932 [info] <0.44.0> Application ecto_sql started on node nonode@nohost
2020-04-26 08:03:37.941 [info] <0.44.0> Application cowlib started on node nonode@nohost
2020-04-26 08:03:37.949 [info] <0.44.0> Application cowboy started on node nonode@nohost
2020-04-26 08:03:37.951 [info] <0.44.0> Application plug_cowboy started on node nonode@nohost
2020-04-26 08:03:37.956 [info] <0.44.0> Application phoenix_ecto started on node nonode@nohost
2020-04-26 08:03:38.412 [info] <0.44.0> Application api started on node nonode@nohost
2020-04-26 08:07:10.009 [info] <0.60.0> SIGTERM received - shutting down
2020-04-26 18:56:21.808 [info] <0.44.0> Application lager started on node nonode@nohost
2020-04-26 18:56:21.894 [info] <0.44.0> Application xmerl started on node nonode@nohost
2020-04-26 18:56:22.084 [info] <0.44.0> Application sasl started on node nonode@nohost
2020-04-26 18:56:22.147 [info] <0.44.0> Application tools started on node nonode@nohost
2020-04-26 18:56:22.170 [info] <0.44.0> Application jsx started on node nonode@nohost
2020-04-26 18:56:22.237 [info] <0.44.0> Application ranch started on node nonode@nohost
2020-04-26 18:56:22.249 [info] <0.44.0> Application recon started on node nonode@nohost
2020-04-26 18:56:22.419 [info] <0.44.0> Application credentials_obfuscation started on node nonode@nohost
2020-04-26 18:56:22.420 [info] <0.44.0> Application rabbit_common started on node nonode@nohost
2020-04-26 18:56:22.472 [info] <0.44.0> Application amqp_client started on node nonode@nohost
2020-04-26 18:56:22.510 [info] <0.44.0> Application amqp started on node nonode@nohost
2020-04-26 18:56:22.535 [info] <0.44.0> Application jason started on node nonode@nohost
2020-04-26 18:56:22.561 [info] <0.44.0> Application connection started on node nonode@nohost
2020-04-26 18:56:22.570 [info] <0.44.0> Application decimal started on node nonode@nohost
2020-04-26 18:56:22.641 [info] <0.44.0> Application db_connection started on node nonode@nohost
2020-04-26 18:56:22.705 [info] <0.44.0> Application postgrex started on node nonode@nohost
2020-04-26 18:56:22.754 [info] <0.44.0> Application ecto started on node nonode@nohost
2020-04-26 18:56:22.778 [info] <0.44.0> Application ecto_sql started on node nonode@nohost
2020-04-26 18:56:22.818 [info] <0.44.0> Application cowlib started on node nonode@nohost
2020-04-26 18:56:22.854 [info] <0.44.0> Application cowboy started on node nonode@nohost
2020-04-26 18:56:22.868 [info] <0.44.0> Application plug_cowboy started on node nonode@nohost
2020-04-26 18:56:22.888 [info] <0.44.0> Application phoenix_ecto started on node nonode@nohost
2020-04-26 18:56:43.779 [info] <0.44.0> Application lager started on node nonode@nohost
2020-04-26 18:56:43.800 [info] <0.44.0> Application xmerl started on node nonode@nohost
2020-04-26 18:56:43.826 [info] <0.44.0> Application sasl started on node nonode@nohost
2020-04-26 18:56:43.841 [info] <0.44.0> Application tools started on node nonode@nohost
2020-04-26 18:56:43.847 [info] <0.44.0> Application jsx started on node nonode@nohost
2020-04-26 18:56:43.863 [info] <0.44.0> Application ranch started on node nonode@nohost
2020-04-26 18:56:43.868 [info] <0.44.0> Application recon started on node nonode@nohost
2020-04-26 18:56:43.906 [info] <0.44.0> Application credentials_obfuscation started on node nonode@nohost
2020-04-26 18:56:43.906 [info] <0.44.0> Application rabbit_common started on node nonode@nohost
2020-04-26 18:56:43.929 [info] <0.44.0> Application amqp_client started on node nonode@nohost
2020-04-26 18:56:43.934 [info] <0.44.0> Application amqp started on node nonode@nohost
2020-04-26 18:56:43.941 [info] <0.44.0> Application jason started on node nonode@nohost
2020-04-26 18:56:43.949 [info] <0.44.0> Application connection started on node nonode@nohost
2020-04-26 18:56:43.954 [info] <0.44.0> Application decimal started on node nonode@nohost
2020-04-26 18:56:43.973 [info] <0.44.0> Application db_connection started on node nonode@nohost
2020-04-26 18:56:44.000 [info] <0.44.0> Application postgrex started on node nonode@nohost
2020-04-26 18:56:44.013 [info] <0.44.0> Application ecto started on node nonode@nohost
2020-04-26 18:56:44.016 [info] <0.44.0> Application ecto_sql started on node nonode@nohost
2020-04-26 18:56:44.032 [info] <0.44.0> Application cowlib started on node nonode@nohost
2020-04-26 18:56:44.040 [info] <0.44.0> Application cowboy started on node nonode@nohost
2020-04-26 18:56:44.047 [info] <0.44.0> Application plug_cowboy started on node nonode@nohost
2020-04-26 18:56:44.058 [info] <0.44.0> Application phoenix_ecto started on node nonode@nohost
2020-04-26 18:56:44.589 [info] <0.44.0> Application api started on node nonode@nohost
2020-04-26 18:58:38.265 [info] <0.44.0> Application lager started on node nonode@nohost
2020-04-26 18:58:38.286 [info] <0.44.0> Application xmerl started on node nonode@nohost
2020-04-26 18:58:38.337 [info] <0.44.0> Application sasl started on node nonode@nohost
2020-04-26 18:58:38.359 [info] <0.44.0> Application tools started on node nonode@nohost
2020-04-26 18:58:38.365 [info] <0.44.0> Application jsx started on node nonode@nohost
2020-04-26 18:58:38.388 [info] <0.44.0> Application ranch started on node nonode@nohost
2020-04-26 18:58:38.394 [info] <0.44.0> Application recon started on node nonode@nohost
2020-04-26 18:58:38.463 [info] <0.44.0> Application credentials_obfuscation started on node nonode@nohost
2020-04-26 18:58:38.463 [info] <0.44.0> Application rabbit_common started on node nonode@nohost
2020-04-26 18:58:38.485 [info] <0.44.0> Application amqp_client started on node nonode@nohost
2020-04-26 18:58:38.495 [info] <0.44.0> Application amqp started on node nonode@nohost
2020-04-26 18:58:38.505 [info] <0.44.0> Application jason started on node nonode@nohost
2020-04-26 18:58:38.523 [info] <0.44.0> Application connection started on node nonode@nohost
2020-04-26 18:58:38.530 [info] <0.44.0> Application decimal started on node nonode@nohost
2020-04-26 18:58:38.561 [info] <0.44.0> Application db_connection started on node nonode@nohost
2020-04-26 18:58:38.593 [info] <0.44.0> Application postgrex started on node nonode@nohost
2020-04-26 18:58:38.619 [info] <0.44.0> Application ecto started on node nonode@nohost
2020-04-26 18:58:38.625 [info] <0.44.0> Application ecto_sql started on node nonode@nohost
2020-04-26 18:58:38.649 [info] <0.44.0> Application cowlib started on node nonode@nohost
2020-04-26 18:58:38.661 [info] <0.44.0> Application cowboy started on node nonode@nohost
2020-04-26 18:58:38.668 [info] <0.44.0> Application plug_cowboy started on node nonode@nohost
2020-04-26 18:58:38.676 [info] <0.44.0> Application phoenix_ecto started on node nonode@nohost
2020-04-26 18:58:39.138 [info] <0.44.0> Application api started on node nonode@nohost
2020-04-26 19:17:25.034 [info] <0.60.0> SIGTERM received - shutting down
