2020-04-23 03:38:01.539 [info] <0.44.0> Application lager started on node nonode@nohost
2020-04-23 03:38:01.949 [info] <0.44.0> Application xmerl started on node nonode@nohost
2020-04-23 03:38:02.561 [info] <0.44.0> Application sasl started on node nonode@nohost
2020-04-23 03:38:33.916 [info] <0.44.0> Application lager started on node nonode@nohost
2020-04-23 03:38:34.218 [info] <0.44.0> Application xmerl started on node nonode@nohost
2020-04-23 03:38:34.795 [info] <0.44.0> Application sasl started on node nonode@nohost
2020-04-23 03:46:32.942 [info] <0.44.0> Application lager started on node nonode@nohost
2020-04-23 03:46:33.178 [info] <0.44.0> Application xmerl started on node nonode@nohost
2020-04-23 03:46:33.627 [info] <0.44.0> Application sasl started on node nonode@nohost
2020-04-23 03:47:16.376 [info] <0.44.0> Application lager started on node nonode@nohost
2020-04-23 03:47:16.641 [info] <0.44.0> Application xmerl started on node nonode@nohost
2020-04-23 03:47:17.197 [info] <0.44.0> Application sasl started on node nonode@nohost
2020-04-23 04:06:08.038 [info] <0.44.0> Application lager started on node nonode@nohost
2020-04-23 04:06:08.462 [info] <0.44.0> Application xmerl started on node nonode@nohost
2020-04-23 04:06:09.153 [info] <0.44.0> Application sasl started on node nonode@nohost
2020-04-23 04:13:13.879 [info] <0.44.0> Application lager started on node nonode@nohost
2020-04-23 04:13:14.172 [info] <0.44.0> Application xmerl started on node nonode@nohost
2020-04-23 04:13:14.645 [info] <0.44.0> Application sasl started on node nonode@nohost
2020-04-23 04:33:49.744 [info] <0.44.0> Application lager started on node nonode@nohost
2020-04-23 04:33:50.194 [info] <0.44.0> Application xmerl started on node nonode@nohost
2020-04-23 04:34:13.659 [info] <0.44.0> Application lager started on node nonode@nohost
2020-04-23 04:34:14.188 [info] <0.44.0> Application xmerl started on node nonode@nohost
2020-04-23 04:34:15.145 [info] <0.44.0> Application sasl started on node nonode@nohost
2020-04-23 04:44:56.830 [info] <0.44.0> Application lager started on node nonode@nohost
2020-04-23 04:44:57.111 [info] <0.44.0> Application xmerl started on node nonode@nohost
2020-04-23 04:44:57.638 [info] <0.44.0> Application sasl started on node nonode@nohost
2020-04-23 04:45:14.671 [info] <0.44.0> Application lager started on node nonode@nohost
2020-04-23 04:45:14.934 [info] <0.44.0> Application xmerl started on node nonode@nohost
2020-04-23 04:45:15.296 [info] <0.44.0> Application sasl started on node nonode@nohost
2020-04-23 04:52:47.093 [info] <0.44.0> Application lager started on node nonode@nohost
2020-04-23 04:52:47.399 [info] <0.44.0> Application xmerl started on node nonode@nohost
2020-04-23 04:52:47.986 [info] <0.44.0> Application sasl started on node nonode@nohost
2020-04-23 04:58:53.810 [info] <0.44.0> Application lager started on node nonode@nohost
2020-04-23 04:58:54.113 [info] <0.44.0> Application xmerl started on node nonode@nohost
2020-04-23 04:58:54.737 [info] <0.44.0> Application sasl started on node nonode@nohost
2020-04-23 05:00:38.188 [info] <0.44.0> Application lager started on node nonode@nohost
2020-04-23 05:00:38.484 [info] <0.44.0> Application xmerl started on node nonode@nohost
2020-04-23 05:00:39.075 [info] <0.44.0> Application sasl started on node nonode@nohost
2020-04-23 05:00:55.458 [info] <0.44.0> Application lager started on node nonode@nohost
2020-04-23 05:00:56.056 [info] <0.44.0> Application xmerl started on node nonode@nohost
2020-04-23 05:08:02.363 [info] <0.44.0> Application lager started on node nonode@nohost
2020-04-23 05:08:02.697 [info] <0.44.0> Application xmerl started on node nonode@nohost
2020-04-23 05:08:18.860 [info] <0.44.0> Application lager started on node nonode@nohost
2020-04-23 05:08:19.594 [info] <0.44.0> Application xmerl started on node nonode@nohost
2020-04-23 05:08:20.538 [info] <0.44.0> Application sasl started on node nonode@nohost
2020-04-23 05:23:56.063 [info] <0.44.0> Application lager started on node nonode@nohost
2020-04-23 05:23:56.402 [info] <0.44.0> Application xmerl started on node nonode@nohost
2020-04-23 05:23:57.184 [info] <0.44.0> Application sasl started on node nonode@nohost
2020-04-23 05:24:18.703 [info] <0.44.0> Application lager started on node nonode@nohost
2020-04-23 05:24:18.988 [info] <0.44.0> Application xmerl started on node nonode@nohost
2020-04-23 05:24:19.550 [info] <0.44.0> Application sasl started on node nonode@nohost
2020-04-23 05:29:26.165 [info] <0.44.0> Application lager started on node nonode@nohost
2020-04-23 05:29:26.666 [info] <0.44.0> Application xmerl started on node nonode@nohost
2020-04-23 05:29:27.410 [info] <0.44.0> Application sasl started on node nonode@nohost
2020-04-23 05:30:04.340 [info] <0.44.0> Application lager started on node nonode@nohost
2020-04-23 05:30:04.743 [info] <0.44.0> Application xmerl started on node nonode@nohost
2020-04-23 05:30:05.251 [info] <0.44.0> Application sasl started on node nonode@nohost
2020-04-23 05:33:39.273 [info] <0.44.0> Application lager started on node nonode@nohost
2020-04-23 05:33:40.891 [info] <0.44.0> Application xmerl started on node nonode@nohost
2020-04-23 05:33:41.839 [info] <0.44.0> Application sasl started on node nonode@nohost
2020-04-23 05:34:01.920 [info] <0.44.0> Application lager started on node nonode@nohost
2020-04-23 05:34:02.372 [info] <0.44.0> Application xmerl started on node nonode@nohost
2020-04-23 05:34:03.069 [info] <0.44.0> Application sasl started on node nonode@nohost
2020-04-23 05:39:06.688 [info] <0.44.0> Application lager started on node nonode@nohost
2020-04-23 05:39:07.052 [info] <0.44.0> Application xmerl started on node nonode@nohost
2020-04-23 05:39:07.618 [info] <0.44.0> Application sasl started on node nonode@nohost
2020-04-23 05:39:22.805 [info] <0.44.0> Application lager started on node nonode@nohost
2020-04-23 05:39:23.169 [info] <0.44.0> Application xmerl started on node nonode@nohost
2020-04-23 05:39:23.778 [info] <0.44.0> Application sasl started on node nonode@nohost
2020-04-23 05:42:31.300 [info] <0.44.0> Application lager started on node nonode@nohost
2020-04-23 05:42:31.552 [info] <0.44.0> Application xmerl started on node nonode@nohost
2020-04-23 05:42:32.300 [info] <0.44.0> Application sasl started on node nonode@nohost
2020-04-23 05:42:53.972 [info] <0.44.0> Application lager started on node nonode@nohost
2020-04-23 05:42:54.345 [info] <0.44.0> Application xmerl started on node nonode@nohost
2020-04-23 05:42:54.947 [info] <0.44.0> Application sasl started on node nonode@nohost
2020-04-23 05:51:56.017 [info] <0.44.0> Application lager started on node nonode@nohost
2020-04-23 05:51:56.227 [info] <0.44.0> Application xmerl started on node nonode@nohost
2020-04-23 05:51:56.614 [info] <0.44.0> Application sasl started on node nonode@nohost
2020-04-23 06:04:50.665 [info] <0.44.0> Application lager started on node nonode@nohost
2020-04-23 06:04:51.025 [info] <0.44.0> Application xmerl started on node nonode@nohost
2020-04-23 06:04:51.827 [info] <0.44.0> Application sasl started on node nonode@nohost
2020-04-23 06:05:10.427 [info] <0.44.0> Application lager started on node nonode@nohost
2020-04-23 06:05:10.726 [info] <0.44.0> Application xmerl started on node nonode@nohost
2020-04-23 06:05:11.381 [info] <0.44.0> Application sasl started on node nonode@nohost
2020-04-23 06:24:33.429 [info] <0.44.0> Application lager started on node nonode@nohost
2020-04-23 06:24:33.774 [info] <0.44.0> Application xmerl started on node nonode@nohost
2020-04-23 06:24:34.420 [info] <0.44.0> Application sasl started on node nonode@nohost
2020-04-23 06:24:47.333 [info] <0.44.0> Application lager started on node nonode@nohost
2020-04-23 06:24:47.649 [info] <0.44.0> Application xmerl started on node nonode@nohost
2020-04-23 06:30:11.403 [info] <0.44.0> Application lager started on node nonode@nohost
2020-04-23 06:30:11.621 [info] <0.44.0> Application xmerl started on node nonode@nohost
2020-04-23 06:30:12.217 [info] <0.44.0> Application sasl started on node nonode@nohost
2020-04-23 06:30:27.038 [info] <0.44.0> Application lager started on node nonode@nohost
2020-04-23 06:30:27.280 [info] <0.44.0> Application xmerl started on node nonode@nohost
2020-04-23 06:30:27.715 [info] <0.44.0> Application sasl started on node nonode@nohost
2020-04-23 06:31:42.533 [info] <0.44.0> Application lager started on node nonode@nohost
2020-04-23 06:31:43.087 [info] <0.44.0> Application xmerl started on node nonode@nohost
2020-04-23 06:32:04.136 [info] <0.44.0> Application lager started on node nonode@nohost
2020-04-23 06:32:04.501 [info] <0.44.0> Application xmerl started on node nonode@nohost
2020-04-23 06:50:25.732 [info] <0.44.0> Application lager started on node nonode@nohost
2020-04-23 06:50:26.157 [info] <0.44.0> Application xmerl started on node nonode@nohost
2020-04-23 06:50:26.978 [info] <0.44.0> Application sasl started on node nonode@nohost
2020-04-23 06:50:46.482 [info] <0.44.0> Application lager started on node nonode@nohost
2020-04-23 06:50:47.023 [info] <0.44.0> Application xmerl started on node nonode@nohost
2020-04-23 06:50:47.796 [info] <0.44.0> Application sasl started on node nonode@nohost
2020-04-23 19:59:16.989 [info] <0.44.0> Application lager started on node nonode@nohost
2020-04-23 19:59:17.176 [info] <0.44.0> Application xmerl started on node nonode@nohost
2020-04-23 19:59:17.475 [info] <0.44.0> Application sasl started on node nonode@nohost
2020-04-23 19:59:17.500 [info] <0.44.0> Application tools started on node nonode@nohost
2020-04-23 19:59:17.515 [info] <0.44.0> Application jsx started on node nonode@nohost
2020-04-23 19:59:17.620 [info] <0.44.0> Application ranch started on node nonode@nohost
2020-04-23 19:59:17.643 [info] <0.44.0> Application recon started on node nonode@nohost
2020-04-23 19:59:17.826 [info] <0.44.0> Application credentials_obfuscation started on node nonode@nohost
2020-04-23 19:59:17.827 [info] <0.44.0> Application rabbit_common started on node nonode@nohost
2020-04-23 19:59:17.895 [info] <0.44.0> Application amqp_client started on node nonode@nohost
2020-04-23 19:59:17.912 [info] <0.44.0> Application amqp started on node nonode@nohost
2020-04-23 19:59:17.924 [info] <0.44.0> Application jason started on node nonode@nohost
2020-04-23 19:59:17.992 [info] <0.44.0> Application connection started on node nonode@nohost
2020-04-23 19:59:18.004 [info] <0.44.0> Application decimal started on node nonode@nohost
2020-04-23 19:59:18.068 [info] <0.44.0> Application db_connection started on node nonode@nohost
2020-04-23 19:59:18.153 [info] <0.44.0> Application postgrex started on node nonode@nohost
2020-04-23 19:59:18.200 [info] <0.44.0> Application ecto started on node nonode@nohost
2020-04-23 19:59:18.214 [info] <0.44.0> Application ecto_sql started on node nonode@nohost
2020-04-23 19:59:18.246 [info] <0.44.0> Application cowlib started on node nonode@nohost
2020-04-23 19:59:18.289 [info] <0.44.0> Application cowboy started on node nonode@nohost
2020-04-23 19:59:18.305 [info] <0.44.0> Application plug_cowboy started on node nonode@nohost
2020-04-23 19:59:18.320 [info] <0.44.0> Application phoenix_ecto started on node nonode@nohost
2020-04-23 19:59:24.551 [info] <0.44.0> Application lager started on node nonode@nohost
2020-04-23 19:59:24.594 [info] <0.44.0> Application xmerl started on node nonode@nohost
2020-04-23 19:59:24.695 [info] <0.44.0> Application sasl started on node nonode@nohost
2020-04-23 19:59:24.741 [info] <0.44.0> Application tools started on node nonode@nohost
2020-04-23 19:59:24.769 [info] <0.44.0> Application jsx started on node nonode@nohost
2020-04-23 19:59:24.820 [info] <0.44.0> Application ranch started on node nonode@nohost
2020-04-23 19:59:24.832 [info] <0.44.0> Application recon started on node nonode@nohost
2020-04-23 19:59:24.945 [info] <0.44.0> Application credentials_obfuscation started on node nonode@nohost
2020-04-23 19:59:24.947 [info] <0.44.0> Application rabbit_common started on node nonode@nohost
2020-04-23 19:59:25.001 [info] <0.44.0> Application amqp_client started on node nonode@nohost
2020-04-23 19:59:25.024 [info] <0.44.0> Application amqp started on node nonode@nohost
2020-04-23 19:59:25.043 [info] <0.44.0> Application jason started on node nonode@nohost
2020-04-23 19:59:25.072 [info] <0.44.0> Application connection started on node nonode@nohost
2020-04-23 19:59:25.099 [info] <0.44.0> Application decimal started on node nonode@nohost
2020-04-23 19:59:25.205 [info] <0.44.0> Application db_connection started on node nonode@nohost
2020-04-23 19:59:25.316 [info] <0.44.0> Application postgrex started on node nonode@nohost
2020-04-23 19:59:25.340 [info] <0.44.0> Application ecto started on node nonode@nohost
2020-04-23 19:59:25.351 [info] <0.44.0> Application ecto_sql started on node nonode@nohost
2020-04-23 19:59:25.382 [info] <0.44.0> Application cowlib started on node nonode@nohost
2020-04-23 19:59:25.403 [info] <0.44.0> Application cowboy started on node nonode@nohost
2020-04-23 19:59:25.417 [info] <0.44.0> Application plug_cowboy started on node nonode@nohost
2020-04-23 19:59:25.448 [info] <0.44.0> Application phoenix_ecto started on node nonode@nohost
2020-04-23 19:59:26.254 [info] <0.44.0> Application microservice_1 started on node nonode@nohost
2020-04-23 20:17:31.666 [info] <0.44.0> Application lager started on node nonode@nohost
2020-04-23 20:17:31.769 [info] <0.44.0> Application xmerl started on node nonode@nohost
2020-04-23 20:17:32.016 [info] <0.44.0> Application sasl started on node nonode@nohost
2020-04-23 20:17:32.090 [info] <0.44.0> Application tools started on node nonode@nohost
2020-04-23 20:17:32.137 [info] <0.44.0> Application jsx started on node nonode@nohost
2020-04-23 20:17:32.256 [info] <0.44.0> Application ranch started on node nonode@nohost
2020-04-23 20:17:32.321 [info] <0.44.0> Application recon started on node nonode@nohost
2020-04-23 20:17:32.613 [info] <0.44.0> Application credentials_obfuscation started on node nonode@nohost
2020-04-23 20:17:32.613 [info] <0.44.0> Application rabbit_common started on node nonode@nohost
2020-04-23 20:17:32.671 [info] <0.44.0> Application amqp_client started on node nonode@nohost
2020-04-23 20:17:32.693 [info] <0.44.0> Application amqp started on node nonode@nohost
2020-04-23 20:17:32.761 [info] <0.44.0> Application jason started on node nonode@nohost
2020-04-23 20:17:32.825 [info] <0.44.0> Application connection started on node nonode@nohost
2020-04-23 20:17:32.854 [info] <0.44.0> Application decimal started on node nonode@nohost
2020-04-23 20:17:32.950 [info] <0.44.0> Application db_connection started on node nonode@nohost
2020-04-23 20:17:33.125 [info] <0.44.0> Application postgrex started on node nonode@nohost
2020-04-23 20:17:33.182 [info] <0.44.0> Application ecto started on node nonode@nohost
2020-04-23 20:17:33.196 [info] <0.44.0> Application ecto_sql started on node nonode@nohost
2020-04-23 20:17:33.252 [info] <0.44.0> Application cowlib started on node nonode@nohost
2020-04-23 20:17:33.294 [info] <0.44.0> Application cowboy started on node nonode@nohost
2020-04-23 20:17:33.317 [info] <0.44.0> Application plug_cowboy started on node nonode@nohost
2020-04-23 20:17:33.343 [info] <0.44.0> Application phoenix_ecto started on node nonode@nohost
2020-04-23 20:21:17.290 [info] <0.44.0> Application lager started on node nonode@nohost
2020-04-23 20:21:17.448 [info] <0.44.0> Application xmerl started on node nonode@nohost
2020-04-23 20:21:17.683 [info] <0.44.0> Application sasl started on node nonode@nohost
2020-04-23 20:21:17.720 [info] <0.44.0> Application tools started on node nonode@nohost
2020-04-23 20:21:17.756 [info] <0.44.0> Application jsx started on node nonode@nohost
2020-04-23 20:21:17.869 [info] <0.44.0> Application ranch started on node nonode@nohost
2020-04-23 20:21:17.895 [info] <0.44.0> Application recon started on node nonode@nohost
2020-04-23 20:21:18.104 [info] <0.44.0> Application credentials_obfuscation started on node nonode@nohost
2020-04-23 20:21:18.106 [info] <0.44.0> Application rabbit_common started on node nonode@nohost
2020-04-23 20:21:18.169 [info] <0.44.0> Application amqp_client started on node nonode@nohost
2020-04-23 20:21:18.185 [info] <0.44.0> Application amqp started on node nonode@nohost
2020-04-23 20:21:18.206 [info] <0.44.0> Application jason started on node nonode@nohost
2020-04-23 20:21:18.234 [info] <0.44.0> Application connection started on node nonode@nohost
2020-04-23 20:21:18.267 [info] <0.44.0> Application decimal started on node nonode@nohost
2020-04-23 20:21:18.405 [info] <0.44.0> Application db_connection started on node nonode@nohost
2020-04-23 20:21:18.549 [info] <0.44.0> Application postgrex started on node nonode@nohost
2020-04-23 20:21:18.642 [info] <0.44.0> Application ecto started on node nonode@nohost
2020-04-23 20:21:18.669 [info] <0.44.0> Application ecto_sql started on node nonode@nohost
2020-04-23 20:21:18.712 [info] <0.44.0> Application cowlib started on node nonode@nohost
2020-04-23 20:21:18.761 [info] <0.44.0> Application cowboy started on node nonode@nohost
2020-04-23 20:21:18.774 [info] <0.44.0> Application plug_cowboy started on node nonode@nohost
2020-04-23 20:21:18.805 [info] <0.44.0> Application phoenix_ecto started on node nonode@nohost
2020-04-23 20:28:41.201 [info] <0.44.0> Application lager started on node nonode@nohost
2020-04-23 20:28:41.668 [info] <0.44.0> Application xmerl started on node nonode@nohost
2020-04-23 20:28:42.830 [info] <0.44.0> Application sasl started on node nonode@nohost
2020-04-23 20:28:42.883 [info] <0.44.0> Application tools started on node nonode@nohost
2020-04-23 20:28:42.948 [info] <0.44.0> Application jsx started on node nonode@nohost
2020-04-23 20:28:43.066 [info] <0.44.0> Application ranch started on node nonode@nohost
2020-04-23 20:28:43.083 [info] <0.44.0> Application recon started on node nonode@nohost
2020-04-23 20:28:43.332 [info] <0.44.0> Application credentials_obfuscation started on node nonode@nohost
2020-04-23 20:28:43.338 [info] <0.44.0> Application rabbit_common started on node nonode@nohost
2020-04-23 20:28:43.432 [info] <0.44.0> Application amqp_client started on node nonode@nohost
2020-04-23 20:28:43.555 [info] <0.44.0> Application amqp started on node nonode@nohost
2020-04-23 20:28:43.631 [info] <0.44.0> Application jason started on node nonode@nohost
2020-04-23 20:28:43.745 [info] <0.44.0> Application connection started on node nonode@nohost
2020-04-23 20:28:43.813 [info] <0.44.0> Application decimal started on node nonode@nohost
2020-04-23 20:28:44.552 [info] <0.44.0> Application db_connection started on node nonode@nohost
2020-04-23 20:28:44.790 [info] <0.44.0> Application postgrex started on node nonode@nohost
2020-04-23 20:28:44.882 [info] <0.44.0> Application ecto started on node nonode@nohost
2020-04-23 20:28:44.907 [info] <0.44.0> Application ecto_sql started on node nonode@nohost
2020-04-23 20:28:44.984 [info] <0.44.0> Application cowlib started on node nonode@nohost
2020-04-23 20:28:45.069 [info] <0.44.0> Application cowboy started on node nonode@nohost
2020-04-23 20:28:45.098 [info] <0.44.0> Application plug_cowboy started on node nonode@nohost
2020-04-23 20:28:45.145 [info] <0.44.0> Application phoenix_ecto started on node nonode@nohost
2020-04-23 20:28:47.018 [info] <0.44.0> Application microservice_1 started on node nonode@nohost
2020-04-23 20:29:14.095 [error] <0.522.0> CRASH REPORT Process <0.522.0> with 0 neighbours exited with reason: {{#{'__exception__' => true,'__struct__' => 'Elixir.Phoenix.Router.NoRouteError',conn => #{'__struct__' => 'Elixir.Plug.Conn',adapter => {'Elixir.Plug.Cowboy.Conn',#{bindings => #{},body_length => 0,cert => undefined,has_body => false,headers => #{<<"accept">> => <<"*/*">>,<<"accept-encoding">> => <<"gzip, deflate, br">>,<<"accept-language">> => <<"es-ES,es;q=0.9,en;q=0.8,und;q=0.7,it;q=0.6">>,<<"cache-control">> => <<"no-cache">>,<<"connection">> => <<"keep-alive">>,<<"host">> => <<"loc...">>,...},...}},...},...},...},...} in 'Elixir.Phoenix.Endpoint.Cowboy2Handler':exit_on_error/4 line 87 in 'Elixir.Phoenix.Endpoint.Cowboy2Handler':exit_on_error/4 line 87
2020-04-23 20:29:14.127 [error] <0.522.0> Cowboy stream 1 with ranch listener 'Elixir.Microservice1Web.Endpoint.HTTP' and connection process <0.521.0> had its request process exit with reason: {{#{'__exception__' => true,'__struct__' => 'Elixir.Phoenix.Router.NoRouteError',conn => #{'__struct__' => 'Elixir.Plug.Conn',adapter => {'Elixir.Plug.Cowboy.Conn',#{bindings => #{},body_length => 0,cert => undefined,has_body => false,headers => #{<<"accept">> => <<"*/*">>,<<"accept-encoding">> => <<"gzip, deflate, br">>,<<"accept-language">> => <<"es-ES,es;q=0.9,en;q=0.8,und;q=0.7,it;q=0.6">>,<<"cache-control">> => <<"no-cache">>,<<"connection">> => <<"keep-alive">>,<<"host">> => <<"loc...">>,...},...}},...},...},...},...} in 'Elixir.Phoenix.Endpoint.Cowboy2Handler':exit_on_error/4 line 87
